TN:
SF:/Users/early/Work/HMP-dev/data/morning-ui/src/lib/index.js
FN:14,(anonymous_1)
FN:18,(anonymous_2)
FN:26,(anonymous_3)
FN:50,findVM
FN:73,getGroup
FN:78,getGroupJson
FN:83,setGroup
FN:115,setGroupJson
FN:120,init
FNF:9
FNH:3
FNDA:10,(anonymous_1)
FNDA:0,(anonymous_2)
FNDA:10,(anonymous_3)
FNDA:0,findVM
FNDA:0,getGroup
FNDA:0,getGroupJson
FNDA:0,setGroup
FNDA:0,setGroupJson
FNDA:10,init
DA:1,10
DA:2,10
DA:3,10
DA:4,10
DA:5,10
DA:7,10
DA:9,0
DA:14,10
DA:16,10
DA:18,0
DA:22,10
DA:28,10
DA:50,0
DA:52,0
DA:54,0
DA:58,0
DA:60,0
DA:64,0
DA:66,0
DA:75,0
DA:80,0
DA:85,0
DA:86,0
DA:87,0
DA:88,0
DA:90,0
DA:92,0
DA:94,0
DA:96,0
DA:98,0
DA:100,0
DA:102,0
DA:112,0
DA:117,0
DA:122,10
DA:126,10
DA:129,10
DA:131,530
DA:133,530
DA:134,530
DA:135,530
DA:136,530
DA:140,10
DA:142,10
DA:147,10
DA:149,10
LF:46
LH:22
BRDA:7,0,0,0
BRDA:7,0,1,10
BRDA:16,1,0,0
BRDA:16,1,1,10
BRDA:16,2,0,10
BRDA:16,2,1,0
BRDA:52,3,0,0
BRDA:52,3,1,0
BRDA:60,4,0,0
BRDA:60,4,1,0
BRDA:60,5,0,0
BRDA:60,5,1,0
BRDA:60,5,2,0
BRDA:50,6,0,0
BRDA:50,6,1,0
BRDA:90,7,0,0
BRDA:90,7,1,0
BRDA:96,8,0,0
BRDA:96,8,1,0
BRDA:100,9,0,0
BRDA:100,9,1,0
BRDA:90,10,0,0
BRDA:90,10,1,0
BRF:23
BRH:3
end_of_record
TN:
SF:/Users/early/Work/HMP-dev/data/morning-ui/src/lib/common/form.js
FN:16,_default
FN:26,data
FN:55,_syncGroup
FN:91,_syncGroupVm
FN:136,_set
FN:173,_valueFilter
FN:178,set
FN:183,get
FN:218,setName
FN:223,getName
FN:228,setKey
FN:233,getKey
FN:238,setGroup
FN:255,getGroup
FN:260,addGroup
FN:285,removeGroup
FN:306,created
FN:311,(anonymous_20)
FN:334,(anonymous_21)
FN:343,beforeDestroy
FNF:20
FNH:10
FNDA:3,_default
FNDA:3,data
FNDA:7,_syncGroup
FNDA:3,_syncGroupVm
FNDA:3,_set
FNDA:0,_valueFilter
FNDA:3,set
FNDA:10,get
FNDA:0,setName
FNDA:0,getName
FNDA:0,setKey
FNDA:0,getKey
FNDA:0,setGroup
FNDA:0,getGroup
FNDA:0,addGroup
FNDA:0,removeGroup
FNDA:3,created
FNDA:5,(anonymous_20)
FNDA:3,(anonymous_21)
FNDA:0,beforeDestroy
DA:1,10
DA:2,10
DA:4,10
DA:16,3
DA:28,3
DA:30,3
DA:32,0
DA:34,3
DA:36,3
DA:40,3
DA:55,7
DA:57,7
DA:59,7
DA:60,0
DA:62,0
DA:64,0
DA:68,0
DA:70,0
DA:74,0
DA:76,0
DA:80,0
DA:82,0
DA:93,3
DA:95,0
DA:97,0
DA:99,0
DA:103,0
DA:105,0
DA:107,0
DA:115,21
DA:117,3
DA:119,0
DA:121,0
DA:125,0
DA:127,0
DA:136,3
DA:138,3
DA:140,0
DA:144,3
DA:146,3
DA:148,3
DA:152,3
DA:156,3
DA:158,3
DA:160,1
DA:166,0
DA:170,3
DA:175,0
DA:180,3
DA:183,10
DA:185,10
DA:187,10
DA:189,10
DA:191,10
DA:193,0
DA:195,0
DA:199,0
DA:205,0
DA:209,10
DA:211,0
DA:215,10
DA:218,0
DA:220,0
DA:225,0
DA:230,0
DA:235,0
DA:238,0
DA:240,0
DA:242,0
DA:244,0
DA:246,0
DA:248,0
DA:252,0
DA:257,0
DA:262,0
DA:264,0
DA:266,0
DA:268,0
DA:270,0
DA:272,0
DA:276,0
DA:278,0
DA:282,0
DA:287,0
DA:289,0
DA:291,0
DA:293,0
DA:294,0
DA:296,0
DA:302,0
DA:306,3
DA:308,3
DA:309,3
DA:311,3
DA:313,5
DA:315,5
DA:320,1
DA:322,1
DA:326,4
DA:327,4
DA:334,3
DA:336,3
DA:345,0
DA:346,0
LF:104
LH:45
BRDA:30,0,0,0
BRDA:30,0,1,3
BRDA:34,1,0,3
BRDA:34,1,1,0
BRDA:55,2,0,0
BRDA:55,2,1,7
BRDA:55,3,0,7
BRDA:55,3,1,0
BRDA:59,4,0,0
BRDA:59,4,1,7
BRDA:59,5,0,7
BRDA:59,5,1,7
BRDA:64,6,0,0
BRDA:64,6,1,0
BRDA:64,7,0,0
BRDA:64,7,1,0
BRDA:64,7,2,0
BRDA:74,8,0,0
BRDA:74,8,1,0
BRDA:80,9,0,0
BRDA:80,9,1,0
BRDA:60,10,0,0
BRDA:60,10,1,0
BRDA:93,11,0,0
BRDA:93,11,1,3
BRDA:97,12,0,0
BRDA:97,12,1,0
BRDA:105,13,0,0
BRDA:105,13,1,0
BRDA:93,14,0,0
BRDA:93,14,1,0
BRDA:115,15,0,3
BRDA:115,15,1,0
BRDA:119,16,0,0
BRDA:119,16,1,0
BRDA:125,17,0,0
BRDA:125,17,1,0
BRDA:115,18,0,3
BRDA:115,18,1,6
BRDA:136,19,0,0
BRDA:136,19,1,3
BRDA:136,20,0,3
BRDA:136,20,1,0
BRDA:138,21,0,0
BRDA:138,21,1,3
BRDA:138,22,0,3
BRDA:138,22,1,0
BRDA:156,23,0,3
BRDA:156,23,1,0
BRDA:156,24,0,0
BRDA:156,24,1,3
BRDA:158,25,0,1
BRDA:158,25,1,2
BRDA:183,26,0,10
BRDA:183,26,1,0
BRDA:183,27,0,10
BRDA:183,27,1,10
BRDA:187,28,0,10
BRDA:187,28,1,0
BRDA:189,29,0,10
BRDA:189,29,1,0
BRDA:193,30,0,0
BRDA:193,30,1,0
BRDA:209,31,0,0
BRDA:209,31,1,10
BRDA:218,32,0,0
BRDA:218,32,1,0
BRDA:218,33,0,0
BRDA:218,33,1,0
BRDA:238,34,0,0
BRDA:238,34,1,0
BRDA:238,35,0,0
BRDA:238,35,1,0
BRDA:242,36,0,0
BRDA:242,36,1,0
BRDA:246,37,0,0
BRDA:246,37,1,0
BRDA:246,38,0,0
BRDA:246,38,1,0
BRDA:264,39,0,0
BRDA:264,39,1,0
BRDA:264,40,0,0
BRDA:264,40,1,0
BRDA:291,41,0,0
BRDA:291,41,1,0
BRDA:315,42,0,1
BRDA:315,42,1,4
BRDA:315,43,0,5
BRDA:315,43,1,4
BRDA:315,43,2,4
BRDA:315,43,3,5
BRDA:315,44,0,1
BRDA:315,44,1,4
BRDA:316,45,0,0
BRDA:316,45,1,4
BRF:95
BRH:34
end_of_record
TN:
SF:/Users/early/Work/HMP-dev/data/morning-ui/src/lib/common/ui.js
FN:65,confSize
FN:78,confStyle
FN:91,confState
FN:106,_initSize
FN:124,_initStyle
FN:142,_initState
FN:160,setConf
FN:181,getConf
FN:195,data
FN:220,beforeCreate
FN:226,created
FN:235,mounted
FN:243,beforeUpdate
FN:248,updated
FN:254,beforeDestroy
FN:259,destroyed
FN:277,injectMorning
FNF:17
FNH:10
FNDA:0,confSize
FNDA:0,confStyle
FNDA:0,confState
FNDA:9,_initSize
FNDA:9,_initStyle
FNDA:9,_initState
FNDA:0,setConf
FNDA:0,getConf
FNDA:9,data
FNDA:9,beforeCreate
FNDA:9,created
FNDA:9,mounted
FNDA:4,beforeUpdate
FNDA:4,updated
FNDA:0,beforeDestroy
FNDA:0,destroyed
FNDA:10,injectMorning
DA:1,10
DA:2,10
DA:4,10
DA:14,10
DA:38,10
DA:48,10
DA:49,10
DA:53,350
DA:55,350
DA:62,10
DA:67,0
DA:69,0
DA:73,0
DA:80,0
DA:82,0
DA:86,0
DA:93,0
DA:95,0
DA:99,0
DA:106,63
DA:108,9
DA:110,63
DA:112,63
DA:114,0
DA:115,0
DA:121,9
DA:124,63
DA:126,9
DA:128,189
DA:130,189
DA:132,0
DA:133,0
DA:139,9
DA:142,63
DA:144,9
DA:146,63
DA:148,63
DA:150,0
DA:151,0
DA:157,9
DA:162,0
DA:164,0
DA:166,0
DA:168,0
DA:172,0
DA:174,0
DA:178,0
DA:183,0
DA:185,0
DA:187,0
DA:191,0
DA:195,9
DA:197,9
DA:199,9
DA:200,9
DA:201,9
DA:203,315
DA:205,315
DA:209,9
DA:210,9
DA:211,9
DA:213,9
DA:214,9
DA:215,9
DA:217,9
DA:222,9
DA:223,9
DA:228,9
DA:229,9
DA:230,9
DA:232,9
DA:237,9
DA:238,9
DA:240,9
DA:245,4
DA:250,4
DA:251,4
DA:256,0
DA:261,0
DA:262,0
DA:264,0
DA:268,0
DA:277,10
DA:279,10
LF:84
LH:53
BRDA:67,0,0,0
BRDA:67,0,1,0
BRDA:80,1,0,0
BRDA:80,1,1,0
BRDA:93,2,0,0
BRDA:93,2,1,0
BRDA:112,3,0,0
BRDA:112,3,1,63
BRDA:106,4,0,9
BRDA:106,4,1,18
BRDA:130,5,0,0
BRDA:130,5,1,189
BRDA:124,6,0,9
BRDA:124,6,1,18
BRDA:148,7,0,0
BRDA:148,7,1,63
BRDA:142,8,0,9
BRDA:142,8,1,18
BRDA:162,9,0,0
BRDA:162,9,1,0
BRDA:162,10,0,0
BRDA:162,10,1,0
BRDA:162,11,0,0
BRDA:162,11,1,0
BRDA:172,12,0,0
BRDA:172,12,1,0
BRDA:185,13,0,0
BRDA:185,13,1,0
BRDA:264,14,0,0
BRDA:264,14,1,0
BRDA:264,15,0,0
BRDA:264,15,1,0
BRDA:264,15,2,0
BRF:33
BRH:9
end_of_record
TN:
SF:/Users/early/Work/HMP-dev/data/morning-ui/src/lib/components/index.js
FNF:0
FNH:0
DA:1,10
DA:3,10
DA:4,10
DA:5,10
DA:6,10
DA:7,10
DA:8,10
DA:9,10
DA:10,10
DA:11,10
DA:12,10
DA:13,10
DA:14,10
DA:15,10
DA:16,10
DA:17,10
DA:18,10
DA:19,10
DA:20,10
DA:21,10
DA:22,10
DA:23,10
DA:24,10
DA:25,10
DA:26,10
DA:27,10
DA:28,10
DA:29,10
DA:30,10
DA:31,10
DA:32,10
DA:33,10
DA:34,10
DA:35,10
DA:36,10
DA:37,10
DA:38,10
DA:39,10
DA:40,10
DA:42,10
DA:43,10
DA:44,10
DA:45,10
DA:46,10
DA:47,10
DA:48,10
DA:49,10
DA:51,10
DA:52,10
DA:53,10
DA:54,10
DA:55,10
DA:56,10
DA:57,10
LF:54
LH:54
BRF:0
BRH:0
end_of_record
TN:
SF:/Users/early/Work/HMP-dev/data/morning-ui/src/lib/components/action/index.vue
FN:18,(anonymous_1)
FNF:1
FNH:0
FNDA:0,(anonymous_1)
DA:11,10
DA:18,10
DA:19,10
DA:20,10
LF:4
LH:4
BRDA:18,0,0,10
BRDA:18,0,1,0
BRDA:18,0,2,0
BRDA:18,1,0,10
BRDA:18,1,1,0
BRDA:18,2,0,0
BRDA:18,2,1,0
BRDA:19,3,0,10
BRDA:19,3,1,0
BRDA:19,3,2,0
BRDA:19,4,0,10
BRDA:19,4,1,0
BRDA:20,5,0,10
BRDA:20,5,1,0
BRDA:20,5,2,0
BRDA:20,6,0,10
BRDA:20,6,1,0
BRF:17
BRH:6
end_of_record
TN:
SF:/Users/early/Work/HMP-dev/data/morning-ui/src/lib/components/apparent/index.vue
FN:18,(anonymous_1)
FNF:1
FNH:0
FNDA:0,(anonymous_1)
DA:11,10
DA:18,10
DA:19,10
DA:20,10
LF:4
LH:4
BRDA:18,0,0,10
BRDA:18,0,1,0
BRDA:18,0,2,0
BRDA:18,1,0,10
BRDA:18,1,1,0
BRDA:18,2,0,0
BRDA:18,2,1,0
BRDA:19,3,0,10
BRDA:19,3,1,0
BRDA:19,3,2,0
BRDA:19,4,0,10
BRDA:19,4,1,0
BRDA:20,5,0,10
BRDA:20,5,1,0
BRDA:20,5,2,0
BRDA:20,6,0,10
BRDA:20,6,1,0
BRF:17
BRH:6
end_of_record
TN:
SF:/Users/early/Work/HMP-dev/data/morning-ui/src/lib/components/article/index.vue
FN:18,(anonymous_1)
FNF:1
FNH:0
FNDA:0,(anonymous_1)
DA:11,10
DA:18,10
DA:19,10
DA:20,10
LF:4
LH:4
BRDA:18,0,0,10
BRDA:18,0,1,0
BRDA:18,0,2,0
BRDA:18,1,0,10
BRDA:18,1,1,0
BRDA:18,2,0,0
BRDA:18,2,1,0
BRDA:19,3,0,10
BRDA:19,3,1,0
BRDA:19,3,2,0
BRDA:19,4,0,10
BRDA:19,4,1,0
BRDA:20,5,0,10
BRDA:20,5,1,0
BRDA:20,5,2,0
BRDA:20,6,0,10
BRDA:20,6,1,0
BRF:17
BRH:6
end_of_record
TN:
SF:/Users/early/Work/HMP-dev/data/morning-ui/src/lib/components/badge/index.vue
FN:18,(anonymous_1)
FNF:1
FNH:0
FNDA:0,(anonymous_1)
DA:11,10
DA:18,10
DA:19,10
DA:20,10
LF:4
LH:4
BRDA:18,0,0,10
BRDA:18,0,1,0
BRDA:18,0,2,0
BRDA:18,1,0,10
BRDA:18,1,1,0
BRDA:18,2,0,0
BRDA:18,2,1,0
BRDA:19,3,0,10
BRDA:19,3,1,0
BRDA:19,3,2,0
BRDA:19,4,0,10
BRDA:19,4,1,0
BRDA:20,5,0,10
BRDA:20,5,1,0
BRDA:20,5,2,0
BRDA:20,6,0,10
BRDA:20,6,1,0
BRF:17
BRH:6
end_of_record
TN:
SF:/Users/early/Work/HMP-dev/data/morning-ui/src/lib/components/block/index.vue
FN:18,(anonymous_1)
FNF:1
FNH:0
FNDA:0,(anonymous_1)
DA:11,10
DA:18,10
DA:19,10
DA:20,10
LF:4
LH:4
BRDA:18,0,0,10
BRDA:18,0,1,0
BRDA:18,0,2,0
BRDA:18,1,0,10
BRDA:18,1,1,0
BRDA:18,2,0,0
BRDA:18,2,1,0
BRDA:19,3,0,10
BRDA:19,3,1,0
BRDA:19,3,2,0
BRDA:19,4,0,10
BRDA:19,4,1,0
BRDA:20,5,0,10
BRDA:20,5,1,0
BRDA:20,5,2,0
BRDA:20,6,0,10
BRDA:20,6,1,0
BRF:17
BRH:6
end_of_record
TN:
SF:/Users/early/Work/HMP-dev/data/morning-ui/src/lib/components/box/index.vue
FN:18,(anonymous_1)
FNF:1
FNH:0
FNDA:0,(anonymous_1)
DA:11,10
DA:18,10
DA:19,10
DA:20,10
LF:4
LH:4
BRDA:18,0,0,10
BRDA:18,0,1,0
BRDA:18,0,2,0
BRDA:18,1,0,10
BRDA:18,1,1,0
BRDA:18,2,0,0
BRDA:18,2,1,0
BRDA:19,3,0,10
BRDA:19,3,1,0
BRDA:19,3,2,0
BRDA:19,4,0,10
BRDA:19,4,1,0
BRDA:20,5,0,10
BRDA:20,5,1,0
BRDA:20,5,2,0
BRDA:20,6,0,10
BRDA:20,6,1,0
BRF:17
BRH:6
end_of_record
TN:
SF:/Users/early/Work/HMP-dev/data/morning-ui/src/lib/components/breadcrumbs/index.vue
FN:59,_default
FN:66,data
FN:84,_recordHistory
FN:99,_chooseRoot
FN:108,toLevel
FN:129,backLast
FN:138,addLevel
FN:146,setLevel
FN:171,getLevel
FN:176,getHistory
FN:182,created
FN:183,mounted
FN:185,(anonymous_13)
FN:228,(anonymous_14)
FN:228,click
FN:228,(anonymous_16)
FN:228,(anonymous_17)
FN:228,click
FNF:18
FNH:0
FNDA:0,_default
FNDA:0,data
FNDA:0,_recordHistory
FNDA:0,_chooseRoot
FNDA:0,toLevel
FNDA:0,backLast
FNDA:0,addLevel
FNDA:0,setLevel
FNDA:0,getLevel
FNDA:0,getHistory
FNDA:0,created
FNDA:0,mounted
FNDA:0,(anonymous_13)
FNDA:0,(anonymous_14)
FNDA:0,click
FNDA:0,(anonymous_16)
FNDA:0,(anonymous_17)
FNDA:0,click
DA:41,10
DA:42,10
DA:44,10
DA:59,0
DA:68,0
DA:86,0
DA:88,0
DA:90,0
DA:94,0
DA:101,0
DA:103,0
DA:110,0
DA:114,0
DA:115,0
DA:117,0
DA:120,0
DA:121,0
DA:122,0
DA:126,0
DA:129,0
DA:131,0
DA:133,0
DA:135,0
DA:140,0
DA:141,0
DA:143,0
DA:148,0
DA:150,0
DA:152,0
DA:154,0
DA:158,0
DA:160,0
DA:162,0
DA:164,0
DA:168,0
DA:173,0
DA:178,0
DA:183,0
DA:185,0
DA:187,0
DA:188,0
DA:189,0
DA:191,0
DA:193,0
DA:195,0
DA:196,0
DA:197,0
DA:204,0
DA:212,0
DA:216,0
DA:218,0
DA:222,0
DA:228,10
DA:229,10
DA:230,10
LF:55
LH:6
BRDA:86,0,0,0
BRDA:86,0,1,0
BRDA:88,1,0,0
BRDA:88,1,1,0
BRDA:101,2,0,0
BRDA:101,2,1,0
BRDA:110,3,0,0
BRDA:110,3,1,0
BRDA:110,4,0,0
BRDA:110,4,1,0
BRDA:110,4,2,0
BRDA:117,5,0,0
BRDA:117,5,1,0
BRDA:117,6,0,0
BRDA:117,6,1,0
BRDA:129,7,0,0
BRDA:129,7,1,0
BRDA:129,8,0,0
BRDA:129,8,1,0
BRDA:148,9,0,0
BRDA:148,9,1,0
BRDA:148,10,0,0
BRDA:148,10,1,0
BRDA:148,11,0,0
BRDA:148,11,1,0
BRDA:160,12,0,0
BRDA:160,12,1,0
BRDA:160,13,0,0
BRDA:160,13,1,0
BRDA:185,14,0,0
BRDA:185,14,1,0
BRDA:183,15,0,0
BRDA:183,15,1,0
BRDA:228,16,0,10
BRDA:228,16,1,0
BRDA:228,16,2,0
BRDA:228,17,0,10
BRDA:228,17,1,0
BRDA:228,18,0,0
BRDA:228,18,1,0
BRDA:228,19,0,0
BRDA:228,19,1,0
BRDA:228,20,0,0
BRDA:228,20,1,0
BRDA:228,21,0,0
BRDA:228,21,1,0
BRDA:229,22,0,10
BRDA:229,22,1,0
BRDA:229,22,2,0
BRDA:229,23,0,10
BRDA:229,23,1,0
BRDA:230,24,0,10
BRDA:230,24,1,0
BRDA:230,24,2,0
BRDA:230,25,0,10
BRDA:230,25,1,0
BRF:56
BRH:6
end_of_record
TN:
SF:/Users/early/Work/HMP-dev/data/morning-ui/src/lib/components/btn/index.vue
FN:52,data
FN:69,_onClick
FN:79,_emitLock
FN:92,unlock
FN:100,lock
FN:113,(anonymous_6)
FN:129,mounted
FN:135,(anonymous_8)
FN:165,(anonymous_9)
FNF:9
FNH:4
FNDA:2,data
FNDA:0,_onClick
FNDA:2,_emitLock
FNDA:0,unlock
FNDA:0,lock
FNDA:0,(anonymous_6)
FNDA:2,mounted
FNDA:0,(anonymous_8)
FNDA:2,(anonymous_9)
DA:30,10
DA:54,2
DA:71,0
DA:74,0
DA:81,2
DA:83,0
DA:85,2
DA:87,0
DA:94,0
DA:95,0
DA:97,0
DA:100,0
DA:102,0
DA:104,0
DA:108,0
DA:109,0
DA:111,0
DA:113,0
DA:115,0
DA:117,0
DA:125,0
DA:129,2
DA:131,2
DA:133,2
DA:135,2
DA:137,0
DA:139,0
DA:141,0
DA:145,0
DA:147,0
DA:149,0
DA:153,0
DA:165,10
DA:166,10
DA:167,10
LF:35
LH:11
BRDA:71,0,0,0
BRDA:71,0,1,0
BRDA:71,1,0,0
BRDA:71,1,1,0
BRDA:81,2,0,0
BRDA:81,2,1,2
BRDA:85,3,0,0
BRDA:85,3,1,2
BRDA:102,4,0,0
BRDA:102,4,1,0
BRDA:111,5,0,0
BRDA:111,5,1,0
BRDA:115,6,0,0
BRDA:115,6,1,0
BRDA:139,7,0,0
BRDA:139,7,1,0
BRDA:145,8,0,0
BRDA:145,8,1,0
BRDA:147,9,0,0
BRDA:147,9,1,0
BRDA:165,10,0,10
BRDA:165,10,1,0
BRDA:165,10,2,0
BRDA:165,11,0,10
BRDA:165,11,1,0
BRDA:165,12,0,2
BRDA:165,12,1,0
BRDA:165,13,0,0
BRDA:165,13,1,2
BRDA:165,14,0,0
BRDA:165,14,1,2
BRDA:166,15,0,10
BRDA:166,15,1,0
BRDA:166,15,2,0
BRDA:166,16,0,10
BRDA:166,16,1,0
BRDA:167,17,0,10
BRDA:167,17,1,0
BRDA:167,17,2,0
BRDA:167,18,0,10
BRDA:167,18,1,0
BRF:41
BRH:11
end_of_record
TN:
SF:/Users/early/Work/HMP-dev/data/morning-ui/src/lib/components/btngroup/index.vue
FN:18,(anonymous_1)
FNF:1
FNH:0
FNDA:0,(anonymous_1)
DA:11,10
DA:18,10
DA:19,10
DA:20,10
LF:4
LH:4
BRDA:18,0,0,10
BRDA:18,0,1,0
BRDA:18,0,2,0
BRDA:18,1,0,10
BRDA:18,1,1,0
BRDA:18,2,0,0
BRDA:18,2,1,0
BRDA:19,3,0,10
BRDA:19,3,1,0
BRDA:19,3,2,0
BRDA:19,4,0,10
BRDA:19,4,1,0
BRDA:20,5,0,10
BRDA:20,5,1,0
BRDA:20,5,2,0
BRDA:20,6,0,10
BRDA:20,6,1,0
BRF:17
BRH:6
end_of_record
TN:
SF:/Users/early/Work/HMP-dev/data/morning-ui/src/lib/components/capitalize/index.vue
FN:18,(anonymous_1)
FNF:1
FNH:0
FNDA:0,(anonymous_1)
DA:11,10
DA:18,10
DA:19,10
DA:20,10
LF:4
LH:4
BRDA:18,0,0,10
BRDA:18,0,1,0
BRDA:18,0,2,0
BRDA:18,1,0,10
BRDA:18,1,1,0
BRDA:18,2,0,0
BRDA:18,2,1,0
BRDA:19,3,0,10
BRDA:19,3,1,0
BRDA:19,3,2,0
BRDA:19,4,0,10
BRDA:19,4,1,0
BRDA:20,5,0,10
BRDA:20,5,1,0
BRDA:20,5,2,0
BRDA:20,6,0,10
BRDA:20,6,1,0
BRF:17
BRH:6
end_of_record
TN:
SF:/Users/early/Work/HMP-dev/data/morning-ui/src/lib/components/card/index.vue
FN:18,(anonymous_1)
FNF:1
FNH:0
FNDA:0,(anonymous_1)
DA:11,10
DA:18,10
DA:19,10
DA:20,10
LF:4
LH:4
BRDA:18,0,0,10
BRDA:18,0,1,0
BRDA:18,0,2,0
BRDA:18,1,0,10
BRDA:18,1,1,0
BRDA:18,2,0,0
BRDA:18,2,1,0
BRDA:19,3,0,10
BRDA:19,3,1,0
BRDA:19,3,2,0
BRDA:19,4,0,10
BRDA:19,4,1,0
BRDA:20,5,0,10
BRDA:20,5,1,0
BRDA:20,5,2,0
BRDA:20,6,0,10
BRDA:20,6,1,0
BRF:17
BRH:6
end_of_record
TN:
SF:/Users/early/Work/HMP-dev/data/morning-ui/src/lib/components/center/index.vue
FN:18,(anonymous_1)
FNF:1
FNH:0
FNDA:0,(anonymous_1)
DA:11,10
DA:18,10
DA:19,10
DA:20,10
LF:4
LH:4
BRDA:18,0,0,10
BRDA:18,0,1,0
BRDA:18,0,2,0
BRDA:18,1,0,10
BRDA:18,1,1,0
BRDA:18,2,0,0
BRDA:18,2,1,0
BRDA:19,3,0,10
BRDA:19,3,1,0
BRDA:19,3,2,0
BRDA:19,4,0,10
BRDA:19,4,1,0
BRDA:20,5,0,10
BRDA:20,5,1,0
BRDA:20,5,2,0
BRDA:20,6,0,10
BRDA:20,6,1,0
BRF:17
BRH:6
end_of_record
TN:
SF:/Users/early/Work/HMP-dev/data/morning-ui/src/lib/components/checkbox/index.vue
FN:71,_default
FN:74,data
FN:87,_valueFilter
FN:112,toggle
FN:146,created
FN:147,mounted
FN:151,(anonymous_9)
FN:151,(anonymous_10)
FN:151,click
FN:151,click
FNF:10
FNH:0
FNDA:0,_default
FNDA:0,data
FNDA:0,_valueFilter
FNDA:0,toggle
FNDA:0,created
FNDA:0,mounted
FNDA:0,(anonymous_9)
FNDA:0,(anonymous_10)
FNDA:0,click
FNDA:0,click
DA:58,10
DA:59,10
DA:60,10
DA:71,0
DA:76,0
DA:89,0
DA:92,0
DA:97,0
DA:99,0
DA:101,0
DA:103,0
DA:109,0
DA:114,0
DA:116,0
DA:118,0
DA:120,0
DA:124,0
DA:130,0
DA:132,0
DA:134,0
DA:136,0
DA:138,0
DA:142,0
DA:151,10
DA:152,10
DA:153,10
LF:26
LH:6
BRDA:89,0,0,0
BRDA:89,0,1,0
BRDA:89,1,0,0
BRDA:89,1,1,0
BRDA:89,2,0,0
BRDA:89,2,1,0
BRDA:101,3,0,0
BRDA:101,3,1,0
BRDA:116,4,0,0
BRDA:116,4,1,0
BRDA:118,5,0,0
BRDA:118,5,1,0
BRDA:132,6,0,0
BRDA:132,6,1,0
BRDA:136,7,0,0
BRDA:136,7,1,0
BRDA:151,8,0,10
BRDA:151,8,1,0
BRDA:151,8,2,0
BRDA:151,9,0,10
BRDA:151,9,1,0
BRDA:151,10,0,0
BRDA:151,10,1,0
BRDA:151,11,0,0
BRDA:151,11,1,0
BRDA:151,12,0,0
BRDA:151,12,1,0
BRDA:151,13,0,0
BRDA:151,13,1,0
BRDA:151,14,0,0
BRDA:151,14,1,0
BRDA:152,15,0,10
BRDA:152,15,1,0
BRDA:152,15,2,0
BRDA:152,16,0,10
BRDA:152,16,1,0
BRDA:153,17,0,10
BRDA:153,17,1,0
BRDA:153,17,2,0
BRDA:153,18,0,10
BRDA:153,18,1,0
BRF:41
BRH:6
end_of_record
TN:
SF:/Users/early/Work/HMP-dev/data/morning-ui/src/lib/components/del/index.vue
FN:18,(anonymous_1)
FNF:1
FNH:1
FNDA:1,(anonymous_1)
DA:11,10
DA:18,10
DA:19,10
DA:20,10
LF:4
LH:4
BRDA:18,0,0,10
BRDA:18,0,1,0
BRDA:18,0,2,0
BRDA:18,1,0,10
BRDA:18,1,1,0
BRDA:18,2,0,1
BRDA:18,2,1,0
BRDA:19,3,0,10
BRDA:19,3,1,0
BRDA:19,3,2,0
BRDA:19,4,0,10
BRDA:19,4,1,0
BRDA:20,5,0,10
BRDA:20,5,1,0
BRDA:20,5,2,0
BRDA:20,6,0,10
BRDA:20,6,1,0
BRF:17
BRH:7
end_of_record
TN:
SF:/Users/early/Work/HMP-dev/data/morning-ui/src/lib/components/dialog/index.vue
FN:54,data
FN:72,moreClass
FN:85,_onClick
FN:97,_isShown
FN:102,toggle
FN:120,(anonymous_6)
FN:137,(anonymous_7)
FN:153,mounted
FN:171,(anonymous_9)
FNF:9
FNH:0
FNDA:0,data
FNDA:0,moreClass
FNDA:0,_onClick
FNDA:0,_isShown
FNDA:0,toggle
FNDA:0,(anonymous_6)
FNDA:0,(anonymous_7)
FNDA:0,mounted
FNDA:0,(anonymous_9)
DA:28,10
DA:29,10
DA:31,10
DA:56,0
DA:74,0
DA:87,0
DA:89,0
DA:92,0
DA:99,0
DA:102,0
DA:104,0
DA:106,0
DA:108,0
DA:112,0
DA:114,0
DA:116,0
DA:118,0
DA:120,0
DA:122,0
DA:128,0
DA:129,0
DA:133,0
DA:135,0
DA:137,0
DA:139,0
DA:145,0
DA:146,0
DA:155,0
DA:157,0
DA:161,0
DA:163,0
DA:171,10
DA:172,10
DA:173,10
LF:34
LH:6
BRDA:89,0,0,0
BRDA:89,0,1,0
BRDA:89,1,0,0
BRDA:89,1,1,0
BRDA:106,2,0,0
BRDA:106,2,1,0
BRDA:114,3,0,0
BRDA:114,3,1,0
BRDA:116,4,0,0
BRDA:116,4,1,0
BRDA:133,5,0,0
BRDA:133,5,1,0
BRDA:155,6,0,0
BRDA:155,6,1,0
BRDA:161,7,0,0
BRDA:161,7,1,0
BRDA:171,8,0,10
BRDA:171,8,1,0
BRDA:171,8,2,0
BRDA:171,9,0,10
BRDA:171,9,1,0
BRDA:171,10,0,0
BRDA:171,10,1,0
BRDA:172,11,0,10
BRDA:172,11,1,0
BRDA:172,11,2,0
BRDA:172,12,0,10
BRDA:172,12,1,0
BRDA:173,13,0,10
BRDA:173,13,1,0
BRDA:173,13,2,0
BRDA:173,14,0,10
BRDA:173,14,1,0
BRF:33
BRH:6
end_of_record
TN:
SF:/Users/early/Work/HMP-dev/data/morning-ui/src/lib/components/divider/index.vue
FN:18,(anonymous_1)
FNF:1
FNH:0
FNDA:0,(anonymous_1)
DA:11,10
DA:18,10
DA:19,10
DA:20,10
LF:4
LH:4
BRDA:18,0,0,10
BRDA:18,0,1,0
BRDA:18,0,2,0
BRDA:18,1,0,10
BRDA:18,1,1,0
BRDA:18,2,0,0
BRDA:18,2,1,0
BRDA:19,3,0,10
BRDA:19,3,1,0
BRDA:19,3,2,0
BRDA:19,4,0,10
BRDA:19,4,1,0
BRDA:20,5,0,10
BRDA:20,5,1,0
BRDA:20,5,2,0
BRDA:20,6,0,10
BRDA:20,6,1,0
BRF:17
BRH:6
end_of_record
TN:
SF:/Users/early/Work/HMP-dev/data/morning-ui/src/lib/components/dl/index.vue
FN:18,(anonymous_1)
FNF:1
FNH:0
FNDA:0,(anonymous_1)
DA:11,10
DA:18,10
DA:19,10
DA:20,10
LF:4
LH:4
BRDA:18,0,0,10
BRDA:18,0,1,0
BRDA:18,0,2,0
BRDA:18,1,0,10
BRDA:18,1,1,0
BRDA:18,2,0,0
BRDA:18,2,1,0
BRDA:19,3,0,10
BRDA:19,3,1,0
BRDA:19,3,2,0
BRDA:19,4,0,10
BRDA:19,4,1,0
BRDA:20,5,0,10
BRDA:20,5,1,0
BRDA:20,5,2,0
BRDA:20,6,0,10
BRDA:20,6,1,0
BRF:17
BRH:6
end_of_record
TN:
SF:/Users/early/Work/HMP-dev/data/morning-ui/src/lib/components/dropdown/index.vue
FN:30,showClass
FN:39,data
FN:53,_checkArea
FN:67,_toggle
FN:72,toggle
FN:103,created
FN:109,mounted
FN:121,(anonymous_8)
FN:127,(anonymous_9)
FN:137,(anonymous_10)
FN:144,(anonymous_11)
FN:153,beforeDestroy
FN:161,(anonymous_13)
FNF:13
FNH:0
FNDA:0,showClass
FNDA:0,data
FNDA:0,_checkArea
FNDA:0,_toggle
FNDA:0,toggle
FNDA:0,created
FNDA:0,mounted
FNDA:0,(anonymous_8)
FNDA:0,(anonymous_9)
FNDA:0,(anonymous_10)
FNDA:0,(anonymous_11)
FNDA:0,beforeDestroy
FNDA:0,(anonymous_13)
DA:16,10
DA:17,10
DA:18,10
DA:32,0
DA:41,0
DA:55,0
DA:57,0
DA:59,0
DA:62,0
DA:69,0
DA:74,0
DA:76,0
DA:80,0
DA:82,0
DA:84,0
DA:88,0
DA:90,0
DA:92,0
DA:96,0
DA:105,0
DA:106,0
DA:109,0
DA:111,0
DA:113,0
DA:115,0
DA:117,0
DA:121,0
DA:123,0
DA:124,0
DA:125,0
DA:127,0
DA:129,0
DA:133,0
DA:137,0
DA:139,0
DA:140,0
DA:141,0
DA:142,0
DA:144,0
DA:146,0
DA:155,0
DA:161,10
DA:162,10
DA:163,10
LF:44
LH:6
BRDA:34,0,0,0
BRDA:34,0,1,0
BRDA:59,1,0,0
BRDA:59,1,1,0
BRDA:59,2,0,0
BRDA:59,2,1,0
BRDA:59,2,2,0
BRDA:59,2,3,0
BRDA:74,3,0,0
BRDA:74,3,1,0
BRDA:82,4,0,0
BRDA:82,4,1,0
BRDA:90,5,0,0
BRDA:90,5,1,0
BRDA:115,6,0,0
BRDA:115,6,1,0
BRDA:161,7,0,10
BRDA:161,7,1,0
BRDA:161,7,2,0
BRDA:161,8,0,10
BRDA:161,8,1,0
BRDA:161,9,0,0
BRDA:161,9,1,0
BRDA:162,10,0,10
BRDA:162,10,1,0
BRDA:162,10,2,0
BRDA:162,11,0,10
BRDA:162,11,1,0
BRDA:163,12,0,10
BRDA:163,12,1,0
BRDA:163,12,2,0
BRDA:163,13,0,10
BRDA:163,13,1,0
BRF:33
BRH:6
end_of_record
TN:
SF:/Users/early/Work/HMP-dev/data/morning-ui/src/lib/components/em/index.vue
FN:18,(anonymous_1)
FNF:1
FNH:0
FNDA:0,(anonymous_1)
DA:11,10
DA:18,10
DA:19,10
DA:20,10
LF:4
LH:4
BRDA:18,0,0,10
BRDA:18,0,1,0
BRDA:18,0,2,0
BRDA:18,1,0,10
BRDA:18,1,1,0
BRDA:18,2,0,0
BRDA:18,2,1,0
BRDA:19,3,0,10
BRDA:19,3,1,0
BRDA:19,3,2,0
BRDA:19,4,0,10
BRDA:19,4,1,0
BRDA:20,5,0,10
BRDA:20,5,1,0
BRDA:20,5,2,0
BRDA:20,6,0,10
BRDA:20,6,1,0
BRF:17
BRH:6
end_of_record
TN:
SF:/Users/early/Work/HMP-dev/data/morning-ui/src/lib/components/formgroup/index.vue
FN:18,(anonymous_1)
FNF:1
FNH:0
FNDA:0,(anonymous_1)
DA:11,10
DA:18,10
DA:19,10
DA:20,10
LF:4
LH:4
BRDA:18,0,0,10
BRDA:18,0,1,0
BRDA:18,0,2,0
BRDA:18,1,0,10
BRDA:18,1,1,0
BRDA:18,2,0,0
BRDA:18,2,1,0
BRDA:19,3,0,10
BRDA:19,3,1,0
BRDA:19,3,2,0
BRDA:19,4,0,10
BRDA:19,4,1,0
BRDA:20,5,0,10
BRDA:20,5,1,0
BRDA:20,5,2,0
BRDA:20,6,0,10
BRDA:20,6,1,0
BRF:17
BRH:6
end_of_record
TN:
SF:/Users/early/Work/HMP-dev/data/morning-ui/src/lib/components/grid/index.vue
FN:18,(anonymous_1)
FNF:1
FNH:0
FNDA:0,(anonymous_1)
DA:11,10
DA:18,10
DA:19,10
DA:20,10
LF:4
LH:4
BRDA:18,0,0,10
BRDA:18,0,1,0
BRDA:18,0,2,0
BRDA:18,1,0,10
BRDA:18,1,1,0
BRDA:18,2,0,0
BRDA:18,2,1,0
BRDA:19,3,0,10
BRDA:19,3,1,0
BRDA:19,3,2,0
BRDA:19,4,0,10
BRDA:19,4,1,0
BRDA:20,5,0,10
BRDA:20,5,1,0
BRDA:20,5,2,0
BRDA:20,6,0,10
BRDA:20,6,1,0
BRF:17
BRH:6
end_of_record
TN:
SF:/Users/early/Work/HMP-dev/data/morning-ui/src/lib/components/h/index.vue
FN:18,(anonymous_1)
FNF:1
FNH:1
FNDA:1,(anonymous_1)
DA:11,10
DA:18,10
DA:19,10
DA:20,10
LF:4
LH:4
BRDA:18,0,0,10
BRDA:18,0,1,0
BRDA:18,0,2,0
BRDA:18,1,0,10
BRDA:18,1,1,0
BRDA:18,2,0,1
BRDA:18,2,1,0
BRDA:19,3,0,10
BRDA:19,3,1,0
BRDA:19,3,2,0
BRDA:19,4,0,10
BRDA:19,4,1,0
BRDA:20,5,0,10
BRDA:20,5,1,0
BRDA:20,5,2,0
BRDA:20,6,0,10
BRDA:20,6,1,0
BRF:17
BRH:7
end_of_record
TN:
SF:/Users/early/Work/HMP-dev/data/morning-ui/src/lib/components/header/index.vue
FN:18,(anonymous_1)
FNF:1
FNH:0
FNDA:0,(anonymous_1)
DA:11,10
DA:18,10
DA:19,10
DA:20,10
LF:4
LH:4
BRDA:18,0,0,10
BRDA:18,0,1,0
BRDA:18,0,2,0
BRDA:18,1,0,10
BRDA:18,1,1,0
BRDA:18,2,0,0
BRDA:18,2,1,0
BRDA:19,3,0,10
BRDA:19,3,1,0
BRDA:19,3,2,0
BRDA:19,4,0,10
BRDA:19,4,1,0
BRDA:20,5,0,10
BRDA:20,5,1,0
BRDA:20,5,2,0
BRDA:20,6,0,10
BRDA:20,6,1,0
BRF:17
BRH:6
end_of_record
TN:
SF:/Users/early/Work/HMP-dev/data/morning-ui/src/lib/components/il/index.vue
FN:18,(anonymous_1)
FNF:1
FNH:0
FNDA:0,(anonymous_1)
DA:11,10
DA:18,10
DA:19,10
DA:20,10
LF:4
LH:4
BRDA:18,0,0,10
BRDA:18,0,1,0
BRDA:18,0,2,0
BRDA:18,1,0,10
BRDA:18,1,1,0
BRDA:18,2,0,0
BRDA:18,2,1,0
BRDA:19,3,0,10
BRDA:19,3,1,0
BRDA:19,3,2,0
BRDA:19,4,0,10
BRDA:19,4,1,0
BRDA:20,5,0,10
BRDA:20,5,1,0
BRDA:20,5,2,0
BRDA:20,6,0,10
BRDA:20,6,1,0
BRF:17
BRH:6
end_of_record
TN:
SF:/Users/early/Work/HMP-dev/data/morning-ui/src/lib/components/img/index.vue
FN:34,(anonymous_1)
FNF:1
FNH:0
FNDA:0,(anonymous_1)
DA:20,10
DA:34,10
DA:35,10
DA:36,10
LF:4
LH:4
BRDA:34,0,0,10
BRDA:34,0,1,0
BRDA:34,0,2,0
BRDA:34,1,0,10
BRDA:34,1,1,0
BRDA:34,2,0,0
BRDA:34,2,1,0
BRDA:35,3,0,10
BRDA:35,3,1,0
BRDA:35,3,2,0
BRDA:35,4,0,10
BRDA:35,4,1,0
BRDA:36,5,0,10
BRDA:36,5,1,0
BRDA:36,5,2,0
BRDA:36,6,0,10
BRDA:36,6,1,0
BRF:17
BRH:6
end_of_record
TN:
SF:/Users/early/Work/HMP-dev/data/morning-ui/src/lib/components/itemlist/index.vue
FN:18,(anonymous_1)
FNF:1
FNH:0
FNDA:0,(anonymous_1)
DA:11,10
DA:18,10
DA:19,10
DA:20,10
LF:4
LH:4
BRDA:18,0,0,10
BRDA:18,0,1,0
BRDA:18,0,2,0
BRDA:18,1,0,10
BRDA:18,1,1,0
BRDA:18,2,0,0
BRDA:18,2,1,0
BRDA:19,3,0,10
BRDA:19,3,1,0
BRDA:19,3,2,0
BRDA:19,4,0,10
BRDA:19,4,1,0
BRDA:20,5,0,10
BRDA:20,5,1,0
BRDA:20,5,2,0
BRDA:20,6,0,10
BRDA:20,6,1,0
BRF:17
BRH:6
end_of_record
TN:
SF:/Users/early/Work/HMP-dev/data/morning-ui/src/lib/components/jumbotron/index.vue
FN:18,(anonymous_1)
FNF:1
FNH:0
FNDA:0,(anonymous_1)
DA:11,10
DA:18,10
DA:19,10
DA:20,10
LF:4
LH:4
BRDA:18,0,0,10
BRDA:18,0,1,0
BRDA:18,0,2,0
BRDA:18,1,0,10
BRDA:18,1,1,0
BRDA:18,2,0,0
BRDA:18,2,1,0
BRDA:19,3,0,10
BRDA:19,3,1,0
BRDA:19,3,2,0
BRDA:19,4,0,10
BRDA:19,4,1,0
BRDA:20,5,0,10
BRDA:20,5,1,0
BRDA:20,5,2,0
BRDA:20,6,0,10
BRDA:20,6,1,0
BRF:17
BRH:6
end_of_record
TN:
SF:/Users/early/Work/HMP-dev/data/morning-ui/src/lib/components/label/index.vue
FN:18,(anonymous_1)
FNF:1
FNH:0
FNDA:0,(anonymous_1)
DA:11,10
DA:18,10
DA:19,10
DA:20,10
LF:4
LH:4
BRDA:18,0,0,10
BRDA:18,0,1,0
BRDA:18,0,2,0
BRDA:18,1,0,10
BRDA:18,1,1,0
BRDA:18,2,0,0
BRDA:18,2,1,0
BRDA:19,3,0,10
BRDA:19,3,1,0
BRDA:19,3,2,0
BRDA:19,4,0,10
BRDA:19,4,1,0
BRDA:20,5,0,10
BRDA:20,5,1,0
BRDA:20,5,2,0
BRDA:20,6,0,10
BRDA:20,6,1,0
BRF:17
BRH:6
end_of_record
TN:
SF:/Users/early/Work/HMP-dev/data/morning-ui/src/lib/components/lead/index.vue
FN:18,(anonymous_1)
FNF:1
FNH:1
FNDA:1,(anonymous_1)
DA:11,10
DA:18,10
DA:19,10
DA:20,10
LF:4
LH:4
BRDA:18,0,0,10
BRDA:18,0,1,0
BRDA:18,0,2,0
BRDA:18,1,0,10
BRDA:18,1,1,0
BRDA:18,2,0,1
BRDA:18,2,1,0
BRDA:19,3,0,10
BRDA:19,3,1,0
BRDA:19,3,2,0
BRDA:19,4,0,10
BRDA:19,4,1,0
BRDA:20,5,0,10
BRDA:20,5,1,0
BRDA:20,5,2,0
BRDA:20,6,0,10
BRDA:20,6,1,0
BRF:17
BRH:7
end_of_record
TN:
SF:/Users/early/Work/HMP-dev/data/morning-ui/src/lib/components/link/index.vue
FN:51,data
FN:68,_onClick
FN:78,_emitLock
FN:91,unlock
FN:99,lock
FN:112,(anonymous_6)
FN:128,mounted
FN:134,(anonymous_8)
FN:164,(anonymous_9)
FNF:9
FNH:0
FNDA:0,data
FNDA:0,_onClick
FNDA:0,_emitLock
FNDA:0,unlock
FNDA:0,lock
FNDA:0,(anonymous_6)
FNDA:0,mounted
FNDA:0,(anonymous_8)
FNDA:0,(anonymous_9)
DA:29,10
DA:53,0
DA:70,0
DA:73,0
DA:80,0
DA:82,0
DA:84,0
DA:86,0
DA:93,0
DA:94,0
DA:96,0
DA:99,0
DA:101,0
DA:103,0
DA:107,0
DA:108,0
DA:110,0
DA:112,0
DA:114,0
DA:116,0
DA:124,0
DA:128,0
DA:130,0
DA:132,0
DA:134,0
DA:136,0
DA:138,0
DA:140,0
DA:144,0
DA:146,0
DA:148,0
DA:152,0
DA:164,10
DA:165,10
DA:166,10
LF:35
LH:4
BRDA:70,0,0,0
BRDA:70,0,1,0
BRDA:70,1,0,0
BRDA:70,1,1,0
BRDA:80,2,0,0
BRDA:80,2,1,0
BRDA:84,3,0,0
BRDA:84,3,1,0
BRDA:101,4,0,0
BRDA:101,4,1,0
BRDA:110,5,0,0
BRDA:110,5,1,0
BRDA:114,6,0,0
BRDA:114,6,1,0
BRDA:138,7,0,0
BRDA:138,7,1,0
BRDA:144,8,0,0
BRDA:144,8,1,0
BRDA:146,9,0,0
BRDA:146,9,1,0
BRDA:164,10,0,10
BRDA:164,10,1,0
BRDA:164,10,2,0
BRDA:164,11,0,10
BRDA:164,11,1,0
BRDA:164,12,0,0
BRDA:164,12,1,0
BRDA:164,13,0,0
BRDA:164,13,1,0
BRDA:164,14,0,0
BRDA:164,14,1,0
BRDA:165,15,0,10
BRDA:165,15,1,0
BRDA:165,15,2,0
BRDA:165,16,0,10
BRDA:165,16,1,0
BRDA:166,17,0,10
BRDA:166,17,1,0
BRDA:166,17,2,0
BRDA:166,18,0,10
BRDA:166,18,1,0
BRF:41
BRH:6
end_of_record
TN:
SF:/Users/early/Work/HMP-dev/data/morning-ui/src/lib/components/load/index.vue
FN:42,data
FN:60,resolve
FN:67,reject
FN:74,reload
FN:79,(anonymous_5)
FN:87,(anonymous_6)
FN:91,(anonymous_7)
FN:100,(anonymous_8)
FN:112,created
FN:113,mounted
FN:115,(anonymous_11)
FN:137,(anonymous_12)
FNF:12
FNH:0
FNDA:0,data
FNDA:0,resolve
FNDA:0,reject
FNDA:0,reload
FNDA:0,(anonymous_5)
FNDA:0,(anonymous_6)
FNDA:0,(anonymous_7)
FNDA:0,(anonymous_8)
FNDA:0,created
FNDA:0,mounted
FNDA:0,(anonymous_11)
FNDA:0,(anonymous_12)
DA:26,10
DA:28,10
DA:44,0
DA:62,0
DA:64,0
DA:69,0
DA:71,0
DA:74,0
DA:76,0
DA:77,0
DA:79,0
DA:81,0
DA:82,0
DA:86,0
DA:89,0
DA:93,0
DA:94,0
DA:98,0
DA:100,0
DA:102,0
DA:108,0
DA:113,0
DA:115,0
DA:117,0
DA:119,0
DA:121,0
DA:125,0
DA:131,0
DA:137,10
DA:138,10
DA:139,10
LF:31
LH:5
BRDA:98,0,0,0
BRDA:98,0,1,0
BRDA:119,1,0,0
BRDA:119,1,1,0
BRDA:137,2,0,10
BRDA:137,2,1,0
BRDA:137,2,2,0
BRDA:137,3,0,10
BRDA:137,3,1,0
BRDA:137,4,0,0
BRDA:137,4,1,0
BRDA:137,5,0,0
BRDA:137,5,1,0
BRDA:137,6,0,0
BRDA:137,6,1,0
BRDA:138,7,0,10
BRDA:138,7,1,0
BRDA:138,7,2,0
BRDA:138,8,0,10
BRDA:138,8,1,0
BRDA:139,9,0,10
BRDA:139,9,1,0
BRDA:139,9,2,0
BRDA:139,10,0,10
BRDA:139,10,1,0
BRF:25
BRH:6
end_of_record
TN:
SF:/Users/early/Work/HMP-dev/data/morning-ui/src/lib/components/lowercase/index.vue
FN:18,(anonymous_1)
FNF:1
FNH:0
FNDA:0,(anonymous_1)
DA:11,10
DA:18,10
DA:19,10
DA:20,10
LF:4
LH:4
BRDA:18,0,0,10
BRDA:18,0,1,0
BRDA:18,0,2,0
BRDA:18,1,0,10
BRDA:18,1,1,0
BRDA:18,2,0,0
BRDA:18,2,1,0
BRDA:19,3,0,10
BRDA:19,3,1,0
BRDA:19,3,2,0
BRDA:19,4,0,10
BRDA:19,4,1,0
BRDA:20,5,0,10
BRDA:20,5,1,0
BRDA:20,5,2,0
BRDA:20,6,0,10
BRDA:20,6,1,0
BRF:17
BRH:6
end_of_record
TN:
SF:/Users/early/Work/HMP-dev/data/morning-ui/src/lib/components/mark/index.vue
FN:18,(anonymous_1)
FNF:1
FNH:1
FNDA:1,(anonymous_1)
DA:11,10
DA:18,10
DA:19,10
DA:20,10
LF:4
LH:4
BRDA:18,0,0,10
BRDA:18,0,1,0
BRDA:18,0,2,0
BRDA:18,1,0,10
BRDA:18,1,1,0
BRDA:18,2,0,1
BRDA:18,2,1,0
BRDA:19,3,0,10
BRDA:19,3,1,0
BRDA:19,3,2,0
BRDA:19,4,0,10
BRDA:19,4,1,0
BRDA:20,5,0,10
BRDA:20,5,1,0
BRDA:20,5,2,0
BRDA:20,6,0,10
BRDA:20,6,1,0
BRF:17
BRH:7
end_of_record
TN:
SF:/Users/early/Work/HMP-dev/data/morning-ui/src/lib/components/multiinput/index.vue
FN:98,data
FN:114,moreClass
FN:123,_valueFilter
FN:142,_focusInput
FN:160,_blurInput
FN:173,_enterInput
FN:182,(anonymous_9)
FN:191,_resetInputWidth
FN:206,_deleteItem
FN:215,_moveItem
FN:238,add
FN:265,del
FN:272,move
FN:279,setInput
FN:286,getInput
FN:292,created
FN:294,(anonymous_19)
FN:303,(anonymous_20)
FN:314,mounted
FN:316,(anonymous_22)
FN:326,(anonymous_23)
FN:334,(anonymous_24)
FN:369,(anonymous_25)
FN:369,keydown
FN:369,(anonymous_27)
FN:369,mousedown
FN:369,click
FN:369,input
FN:369,input
FN:369,input
FN:369,input
FNF:31
FNH:0
FNDA:0,data
FNDA:0,moreClass
FNDA:0,_valueFilter
FNDA:0,_focusInput
FNDA:0,_blurInput
FNDA:0,_enterInput
FNDA:0,(anonymous_9)
FNDA:0,_resetInputWidth
FNDA:0,_deleteItem
FNDA:0,_moveItem
FNDA:0,add
FNDA:0,del
FNDA:0,move
FNDA:0,setInput
FNDA:0,getInput
FNDA:0,created
FNDA:0,(anonymous_19)
FNDA:0,(anonymous_20)
FNDA:0,mounted
FNDA:0,(anonymous_22)
FNDA:0,(anonymous_23)
FNDA:0,(anonymous_24)
FNDA:0,(anonymous_25)
FNDA:0,keydown
FNDA:0,(anonymous_27)
FNDA:0,mousedown
FNDA:0,click
FNDA:0,input
FNDA:0,input
FNDA:0,input
FNDA:0,input
DA:82,10
DA:83,10
DA:100,0
DA:116,0
DA:125,0
DA:128,0
DA:132,0
DA:135,0
DA:139,0
DA:145,0
DA:147,0
DA:149,0
DA:151,0
DA:152,0
DA:153,0
DA:162,0
DA:164,0
DA:166,0
DA:167,0
DA:168,0
DA:173,0
DA:175,0
DA:177,0
DA:179,0
DA:180,0
DA:182,0
DA:184,0
DA:193,0
DA:195,0
DA:197,0
DA:199,0
DA:201,0
DA:208,0
DA:210,0
DA:212,0
DA:217,0
DA:222,0
DA:226,0
DA:228,0
DA:230,0
DA:234,0
DA:235,0
DA:240,0
DA:242,0
DA:245,0
DA:249,0
DA:251,0
DA:253,0
DA:255,0
DA:259,0
DA:260,0
DA:262,0
DA:267,0
DA:269,0
DA:274,0
DA:276,0
DA:281,0
DA:283,0
DA:288,0
DA:292,0
DA:294,0
DA:296,0
DA:297,0
DA:303,0
DA:305,0
DA:307,0
DA:314,0
DA:316,0
DA:318,0
DA:319,0
DA:320,0
DA:326,0
DA:328,0
DA:332,0
DA:334,0
DA:336,0
DA:338,0
DA:340,0
DA:342,0
DA:343,0
DA:345,0
DA:347,0
DA:348,0
DA:351,0
DA:353,0
DA:355,0
DA:369,10
DA:370,10
DA:371,10
LF:89
LH:5
BRDA:125,0,0,0
BRDA:125,0,1,0
BRDA:125,1,0,0
BRDA:125,1,1,0
BRDA:125,2,0,0
BRDA:125,2,1,0
BRDA:132,3,0,0
BRDA:132,3,1,0
BRDA:132,4,0,0
BRDA:132,4,1,0
BRDA:145,5,0,0
BRDA:145,5,1,0
BRDA:149,6,0,0
BRDA:149,6,1,0
BRDA:162,7,0,0
BRDA:162,7,1,0
BRDA:175,8,0,0
BRDA:175,8,1,0
BRDA:195,9,0,0
BRDA:195,9,1,0
BRDA:199,10,0,0
BRDA:199,10,1,0
BRDA:217,11,0,0
BRDA:217,11,1,0
BRDA:217,12,0,0
BRDA:217,12,1,0
BRDA:217,12,2,0
BRDA:217,12,3,0
BRDA:228,13,0,0
BRDA:228,13,1,0
BRDA:242,14,0,0
BRDA:242,14,1,0
BRDA:242,15,0,0
BRDA:242,15,1,0
BRDA:249,16,0,0
BRDA:249,16,1,0
BRDA:253,17,0,0
BRDA:253,17,1,0
BRDA:281,18,0,0
BRDA:281,18,1,0
BRDA:305,19,0,0
BRDA:305,19,1,0
BRDA:345,20,0,0
BRDA:345,20,1,0
BRDA:351,21,0,0
BRDA:351,21,1,0
BRDA:334,22,0,0
BRDA:334,22,1,0
BRDA:369,23,0,10
BRDA:369,23,1,0
BRDA:369,23,2,0
BRDA:369,24,0,10
BRDA:369,24,1,0
BRDA:369,25,0,0
BRDA:369,25,1,0
BRDA:369,26,0,0
BRDA:369,26,1,0
BRDA:369,27,0,0
BRDA:369,27,1,0
BRDA:369,28,0,0
BRDA:369,28,1,0
BRDA:369,29,0,0
BRDA:369,29,1,0
BRDA:369,30,0,0
BRDA:369,30,1,0
BRDA:369,31,0,0
BRDA:369,31,1,0
BRDA:369,32,0,0
BRDA:369,32,1,0
BRDA:369,33,0,0
BRDA:369,33,1,0
BRDA:369,34,0,0
BRDA:369,34,1,0
BRDA:369,35,0,0
BRDA:369,35,1,0
BRDA:369,36,0,0
BRDA:369,36,1,0
BRDA:369,37,0,0
BRDA:369,37,1,0
BRDA:370,38,0,10
BRDA:370,38,1,0
BRDA:370,38,2,0
BRDA:370,39,0,10
BRDA:370,39,1,0
BRDA:371,40,0,10
BRDA:371,40,1,0
BRDA:371,40,2,0
BRDA:371,41,0,10
BRDA:371,41,1,0
BRF:89
BRH:6
end_of_record
TN:
SF:/Users/early/Work/HMP-dev/data/morning-ui/src/lib/components/ol/index.vue
FN:18,(anonymous_1)
FNF:1
FNH:0
FNDA:0,(anonymous_1)
DA:11,10
DA:18,10
DA:19,10
DA:20,10
LF:4
LH:4
BRDA:18,0,0,10
BRDA:18,0,1,0
BRDA:18,0,2,0
BRDA:18,1,0,10
BRDA:18,1,1,0
BRDA:18,2,0,0
BRDA:18,2,1,0
BRDA:19,3,0,10
BRDA:19,3,1,0
BRDA:19,3,2,0
BRDA:19,4,0,10
BRDA:19,4,1,0
BRDA:20,5,0,10
BRDA:20,5,1,0
BRDA:20,5,2,0
BRDA:20,6,0,10
BRDA:20,6,1,0
BRF:17
BRH:6
end_of_record
TN:
SF:/Users/early/Work/HMP-dev/data/morning-ui/src/lib/components/quote/index.vue
FN:18,(anonymous_1)
FNF:1
FNH:0
FNDA:0,(anonymous_1)
DA:11,10
DA:18,10
DA:19,10
DA:20,10
LF:4
LH:4
BRDA:18,0,0,10
BRDA:18,0,1,0
BRDA:18,0,2,0
BRDA:18,1,0,10
BRDA:18,1,1,0
BRDA:18,2,0,0
BRDA:18,2,1,0
BRDA:19,3,0,10
BRDA:19,3,1,0
BRDA:19,3,2,0
BRDA:19,4,0,10
BRDA:19,4,1,0
BRDA:20,5,0,10
BRDA:20,5,1,0
BRDA:20,5,2,0
BRDA:20,6,0,10
BRDA:20,6,1,0
BRF:17
BRH:6
end_of_record
TN:
SF:/Users/early/Work/HMP-dev/data/morning-ui/src/lib/components/radio/index.vue
FN:69,_default
FN:72,data
FN:85,_valueFilter
FN:97,toggle
FN:113,created
FN:114,mounted
FN:118,(anonymous_7)
FN:118,(anonymous_8)
FN:118,click
FN:118,click
FNF:10
FNH:0
FNDA:0,_default
FNDA:0,data
FNDA:0,_valueFilter
FNDA:0,toggle
FNDA:0,created
FNDA:0,mounted
FNDA:0,(anonymous_7)
FNDA:0,(anonymous_8)
FNDA:0,click
FNDA:0,click
DA:58,10
DA:69,0
DA:74,0
DA:88,0
DA:90,0
DA:94,0
DA:99,0
DA:101,0
DA:103,0
DA:107,0
DA:118,10
DA:119,10
DA:120,10
LF:13
LH:4
BRDA:88,0,0,0
BRDA:88,0,1,0
BRDA:101,1,0,0
BRDA:101,1,1,0
BRDA:118,2,0,10
BRDA:118,2,1,0
BRDA:118,2,2,0
BRDA:118,3,0,10
BRDA:118,3,1,0
BRDA:118,4,0,0
BRDA:118,4,1,0
BRDA:118,5,0,0
BRDA:118,5,1,0
BRDA:118,6,0,0
BRDA:118,6,1,0
BRDA:118,7,0,0
BRDA:118,7,1,0
BRDA:118,8,0,0
BRDA:118,8,1,0
BRDA:119,9,0,10
BRDA:119,9,1,0
BRDA:119,9,2,0
BRDA:119,10,0,10
BRDA:119,10,1,0
BRDA:120,11,0,10
BRDA:120,11,1,0
BRDA:120,11,2,0
BRDA:120,12,0,10
BRDA:120,12,1,0
BRF:29
BRH:6
end_of_record
TN:
SF:/Users/early/Work/HMP-dev/data/morning-ui/src/lib/components/select/index.vue
FN:160,data
FN:192,moreClass
FN:215,_valueFilter
FN:259,_onValueChange
FN:370,(anonymous_7)
FN:381,_updateItemValueList
FN:402,_wrapClick
FN:439,_listClick
FN:483,_textinputFocus
FN:488,_textinputBlur
FN:493,_searchKeyChange
FN:566,_multiinputFocusNoSearch
FN:574,_multiinputFocus
FN:579,_refreshValue
FN:603,_multiinputValueChange
FN:639,_refreshShowItems
FN:681,_checkArea
FN:692,_resizeInlineImg
FN:710,_initTips
FN:756,_setListHeight
FN:779,toggle
FN:830,created
FN:836,mounted
FN:850,(anonymous_26)
FN:858,(anonymous_27)
FN:862,(anonymous_28)
FN:870,(anonymous_29)
FN:874,(anonymous_30)
FN:883,updated
FN:890,beforeDestroy
FN:898,(anonymous_33)
FN:898,inputFocus
FN:898,valueChange
FN:898,inputValueChange
FN:898,inputFocus
FN:898,valueChange
FN:898,valueChange
FN:898,focus
FN:898,blur
FN:898,click
FNF:40
FNH:14
FNDA:3,data
FNDA:4,moreClass
FNDA:8,_valueFilter
FNDA:5,_onValueChange
FNDA:0,(anonymous_7)
FNDA:7,_updateItemValueList
FNDA:0,_wrapClick
FNDA:0,_listClick
FNDA:0,_textinputFocus
FNDA:0,_textinputBlur
FNDA:0,_searchKeyChange
FNDA:0,_multiinputFocusNoSearch
FNDA:0,_multiinputFocus
FNDA:0,_refreshValue
FNDA:0,_multiinputValueChange
FNDA:5,_refreshShowItems
FNDA:0,_checkArea
FNDA:7,_resizeInlineImg
FNDA:3,_initTips
FNDA:7,_setListHeight
FNDA:0,toggle
FNDA:3,created
FNDA:3,mounted
FNDA:3,(anonymous_26)
FNDA:0,(anonymous_27)
FNDA:0,(anonymous_28)
FNDA:0,(anonymous_29)
FNDA:0,(anonymous_30)
FNDA:4,updated
FNDA:0,beforeDestroy
FNDA:7,(anonymous_33)
FNDA:0,inputFocus
FNDA:0,valueChange
FNDA:0,inputValueChange
FNDA:0,inputFocus
FNDA:0,valueChange
FNDA:0,valueChange
FNDA:0,focus
FNDA:0,blur
FNDA:0,click
DA:108,10
DA:109,10
DA:110,10
DA:111,10
DA:162,3
DA:194,4
DA:196,4
DA:199,2
DA:203,4
DA:217,8
DA:220,1
DA:224,7
DA:228,0
DA:232,7
DA:235,0
DA:240,7
DA:242,5
DA:244,2
DA:246,2
DA:248,1
DA:256,7
DA:259,70
DA:261,5
DA:262,5
DA:263,5
DA:264,5
DA:266,5
DA:267,5
DA:268,5
DA:270,5
DA:272,0
DA:276,5
DA:279,0
DA:281,0
DA:283,0
DA:287,5
DA:289,0
DA:291,0
DA:293,0
DA:299,8
DA:301,3
DA:303,3
DA:305,1
DA:307,1
DA:309,0
DA:311,0
DA:317,1
DA:319,0
DA:323,1
DA:333,5
DA:336,0
DA:340,5
DA:344,5
DA:347,0
DA:351,5
DA:355,5
DA:358,4
DA:362,5
DA:365,0
DA:367,0
DA:368,0
DA:370,0
DA:372,0
DA:378,5
DA:381,49
DA:383,7
DA:384,7
DA:386,18
DA:388,18
DA:392,7
DA:394,7
DA:396,3
DA:397,3
DA:404,0
DA:406,0
DA:410,0
DA:413,0
DA:417,0
DA:418,0
DA:419,0
DA:420,0
DA:421,0
DA:422,0
DA:426,0
DA:428,0
DA:430,0
DA:432,0
DA:439,0
DA:441,0
DA:442,0
DA:444,0
DA:446,0
DA:448,0
DA:449,0
DA:455,0
DA:457,0
DA:459,0
DA:462,0
DA:463,0
DA:467,0
DA:469,0
DA:471,0
DA:473,0
DA:476,0
DA:485,0
DA:490,0
DA:493,0
DA:495,0
DA:498,0
DA:502,0
DA:504,0
DA:506,0
DA:508,0
DA:509,0
DA:513,0
DA:515,0
DA:516,0
DA:520,0
DA:521,0
DA:523,0
DA:525,0
DA:529,0
DA:533,0
DA:535,0
DA:537,0
DA:539,0
DA:541,0
DA:543,0
DA:544,0
DA:546,0
DA:548,0
DA:554,0
DA:557,0
DA:561,0
DA:568,0
DA:570,0
DA:571,0
DA:576,0
DA:579,0
DA:581,0
DA:582,0
DA:584,0
DA:586,0
DA:588,0
DA:590,0
DA:592,0
DA:600,0
DA:605,0
DA:607,0
DA:611,0
DA:612,0
DA:614,0
DA:617,0
DA:619,0
DA:623,0
DA:624,0
DA:625,0
DA:639,0
DA:641,5
DA:644,5
DA:648,0
DA:649,0
DA:650,0
DA:652,0
DA:654,0
DA:656,0
DA:658,0
DA:660,0
DA:662,0
DA:668,0
DA:670,0
DA:674,0
DA:683,0
DA:687,0
DA:692,49
DA:694,7
DA:696,0
DA:700,7
DA:702,7
DA:704,0
DA:705,0
DA:710,0
DA:712,3
DA:714,3
DA:718,0
DA:719,0
DA:721,0
DA:723,0
DA:724,0
DA:726,0
DA:729,0
DA:733,0
DA:735,0
DA:736,0
DA:737,0
DA:739,0
DA:740,0
DA:741,0
DA:742,0
DA:744,0
DA:748,0
DA:749,0
DA:750,0
DA:751,0
DA:758,7
DA:760,7
DA:762,1
DA:766,6
DA:768,6
DA:770,4
DA:774,2
DA:781,0
DA:783,0
DA:787,0
DA:789,0
DA:793,0
DA:794,0
DA:795,0
DA:797,0
DA:799,0
DA:801,0
DA:803,0
DA:805,0
DA:807,0
DA:809,0
DA:818,0
DA:819,0
DA:823,0
DA:824,0
DA:832,3
DA:833,3
DA:836,3
DA:838,3
DA:840,3
DA:843,3
DA:844,3
DA:845,3
DA:846,3
DA:848,3
DA:850,3
DA:852,3
DA:858,3
DA:860,0
DA:862,0
DA:864,0
DA:870,3
DA:872,0
DA:874,0
DA:876,0
DA:885,4
DA:886,4
DA:887,4
DA:892,0
DA:898,10
DA:899,10
DA:900,10
LF:256
LH:89
BRDA:196,0,0,2
BRDA:196,0,1,2
BRDA:196,1,0,4
BRDA:196,1,1,4
BRDA:217,2,0,1
BRDA:217,2,1,7
BRDA:217,3,0,8
BRDA:217,3,1,7
BRDA:217,4,0,1
BRDA:217,4,1,7
BRDA:224,5,0,0
BRDA:224,5,1,7
BRDA:224,6,0,7
BRDA:224,6,1,0
BRDA:224,6,2,0
BRDA:232,7,0,0
BRDA:232,7,1,7
BRDA:232,8,0,7
BRDA:232,8,1,7
BRDA:240,9,0,5
BRDA:240,9,1,2
BRDA:246,10,0,1
BRDA:246,10,1,1
BRDA:259,11,0,10
BRDA:259,11,1,20
BRDA:276,12,0,0
BRDA:276,12,1,5
BRDA:276,13,0,5
BRDA:276,13,1,0
BRDA:281,14,0,0
BRDA:281,14,1,0
BRDA:287,15,0,0
BRDA:287,15,1,5
BRDA:291,16,0,0
BRDA:291,16,1,0
BRDA:303,17,0,1
BRDA:303,17,1,2
BRDA:307,18,0,0
BRDA:307,18,1,1
BRDA:309,19,0,0
BRDA:309,19,1,0
BRDA:317,20,0,0
BRDA:317,20,1,1
BRDA:299,21,0,1
BRDA:299,21,1,2
BRDA:333,22,0,0
BRDA:333,22,1,5
BRDA:333,23,0,5
BRDA:333,23,1,0
BRDA:344,24,0,0
BRDA:344,24,1,5
BRDA:344,25,0,5
BRDA:344,25,1,0
BRDA:355,26,0,4
BRDA:355,26,1,1
BRDA:355,27,0,5
BRDA:355,27,1,5
BRDA:355,27,2,1
BRDA:358,28,0,4
BRDA:358,28,1,4
BRDA:362,29,0,0
BRDA:362,29,1,5
BRDA:362,30,0,5
BRDA:362,30,1,0
BRDA:381,31,0,7
BRDA:381,31,1,14
BRDA:394,32,0,3
BRDA:394,32,1,4
BRDA:404,33,0,0
BRDA:404,33,1,0
BRDA:410,34,0,0
BRDA:410,34,1,0
BRDA:410,35,0,0
BRDA:410,35,1,0
BRDA:426,36,0,0
BRDA:426,36,1,0
BRDA:426,37,0,0
BRDA:426,37,1,0
BRDA:426,37,2,0
BRDA:430,38,0,0
BRDA:430,38,1,0
BRDA:430,39,0,0
BRDA:430,39,1,0
BRDA:430,39,2,0
BRDA:446,40,0,0
BRDA:446,40,1,0
BRDA:439,41,0,0
BRDA:439,41,1,0
BRDA:455,42,0,0
BRDA:455,42,1,0
BRDA:459,43,0,0
BRDA:459,43,1,0
BRDA:459,44,0,0
BRDA:459,44,1,0
BRDA:469,45,0,0
BRDA:469,45,1,0
BRDA:473,46,0,0
BRDA:473,46,1,0
BRDA:495,47,0,0
BRDA:495,47,1,0
BRDA:495,48,0,0
BRDA:495,48,1,0
BRDA:504,49,0,0
BRDA:504,49,1,0
BRDA:523,50,0,0
BRDA:523,50,1,0
BRDA:523,51,0,0
BRDA:523,51,1,0
BRDA:537,52,0,0
BRDA:537,52,1,0
BRDA:541,53,0,0
BRDA:541,53,1,0
BRDA:541,54,0,0
BRDA:541,54,1,0
BRDA:546,55,0,0
BRDA:546,55,1,0
BRDA:493,56,0,0
BRDA:493,56,1,0
BRDA:554,57,0,0
BRDA:554,57,1,0
BRDA:554,58,0,0
BRDA:554,58,1,0
BRDA:588,59,0,0
BRDA:588,59,1,0
BRDA:584,60,0,0
BRDA:584,60,1,0
BRDA:579,61,0,0
BRDA:579,61,1,0
BRDA:605,62,0,0
BRDA:605,62,1,0
BRDA:614,63,0,0
BRDA:614,63,1,0
BRDA:614,64,0,0
BRDA:614,64,1,0
BRDA:641,65,0,5
BRDA:641,65,1,0
BRDA:641,66,0,5
BRDA:641,66,1,0
BRDA:658,67,0,0
BRDA:658,67,1,0
BRDA:652,68,0,0
BRDA:652,68,1,0
BRDA:668,69,0,0
BRDA:668,69,1,0
BRDA:639,70,0,0
BRDA:639,70,1,0
BRDA:683,71,0,0
BRDA:683,71,1,0
BRDA:683,72,0,0
BRDA:683,72,1,0
BRDA:683,72,2,0
BRDA:694,73,0,0
BRDA:694,73,1,7
BRDA:692,74,0,7
BRDA:692,74,1,14
BRDA:712,75,0,3
BRDA:712,75,1,0
BRDA:726,76,0,0
BRDA:726,76,1,0
BRDA:726,77,0,0
BRDA:726,77,1,0
BRDA:710,78,0,0
BRDA:710,78,1,0
BRDA:760,79,0,1
BRDA:760,79,1,6
BRDA:768,80,0,4
BRDA:768,80,1,2
BRDA:781,81,0,0
BRDA:781,81,1,0
BRDA:789,82,0,0
BRDA:789,82,1,0
BRDA:797,83,0,0
BRDA:797,83,1,0
BRDA:801,84,0,0
BRDA:801,84,1,0
BRDA:805,85,0,0
BRDA:805,85,1,0
BRDA:801,86,0,0
BRDA:801,86,1,0
BRDA:898,87,0,10
BRDA:898,87,1,0
BRDA:898,87,2,0
BRDA:898,88,0,10
BRDA:898,88,1,0
BRDA:898,89,0,7
BRDA:898,89,1,0
BRDA:898,90,0,0
BRDA:898,90,1,7
BRDA:898,91,0,0
BRDA:898,91,1,0
BRDA:898,92,0,0
BRDA:898,92,1,7
BRDA:898,93,0,4
BRDA:898,93,1,3
BRDA:898,94,0,7
BRDA:898,94,1,7
BRDA:898,94,2,7
BRDA:898,95,0,3
BRDA:898,95,1,0
BRDA:898,96,0,0
BRDA:898,96,1,7
BRDA:899,97,0,10
BRDA:899,97,1,0
BRDA:899,97,2,0
BRDA:899,98,0,10
BRDA:899,98,1,0
BRDA:900,99,0,10
BRDA:900,99,1,0
BRDA:900,99,2,0
BRDA:900,100,0,10
BRDA:900,100,1,0
BRF:211
BRH:73
end_of_record
TN:
SF:/Users/early/Work/HMP-dev/data/morning-ui/src/lib/components/small/index.vue
FN:18,(anonymous_1)
FNF:1
FNH:0
FNDA:0,(anonymous_1)
DA:11,10
DA:18,10
DA:19,10
DA:20,10
LF:4
LH:4
BRDA:18,0,0,10
BRDA:18,0,1,0
BRDA:18,0,2,0
BRDA:18,1,0,10
BRDA:18,1,1,0
BRDA:18,2,0,0
BRDA:18,2,1,0
BRDA:19,3,0,10
BRDA:19,3,1,0
BRDA:19,3,2,0
BRDA:19,4,0,10
BRDA:19,4,1,0
BRDA:20,5,0,10
BRDA:20,5,1,0
BRDA:20,5,2,0
BRDA:20,6,0,10
BRDA:20,6,1,0
BRF:17
BRH:6
end_of_record
TN:
SF:/Users/early/Work/HMP-dev/data/morning-ui/src/lib/components/statistic/index.vue
FN:18,(anonymous_1)
FNF:1
FNH:0
FNDA:0,(anonymous_1)
DA:11,10
DA:18,10
DA:19,10
DA:20,10
LF:4
LH:4
BRDA:18,0,0,10
BRDA:18,0,1,0
BRDA:18,0,2,0
BRDA:18,1,0,10
BRDA:18,1,1,0
BRDA:18,2,0,0
BRDA:18,2,1,0
BRDA:19,3,0,10
BRDA:19,3,1,0
BRDA:19,3,2,0
BRDA:19,4,0,10
BRDA:19,4,1,0
BRDA:20,5,0,10
BRDA:20,5,1,0
BRDA:20,5,2,0
BRDA:20,6,0,10
BRDA:20,6,1,0
BRF:17
BRH:6
end_of_record
TN:
SF:/Users/early/Work/HMP-dev/data/morning-ui/src/lib/components/strong/index.vue
FN:18,(anonymous_1)
FNF:1
FNH:0
FNDA:0,(anonymous_1)
DA:11,10
DA:18,10
DA:19,10
DA:20,10
LF:4
LH:4
BRDA:18,0,0,10
BRDA:18,0,1,0
BRDA:18,0,2,0
BRDA:18,1,0,10
BRDA:18,1,1,0
BRDA:18,2,0,0
BRDA:18,2,1,0
BRDA:19,3,0,10
BRDA:19,3,1,0
BRDA:19,3,2,0
BRDA:19,4,0,10
BRDA:19,4,1,0
BRDA:20,5,0,10
BRDA:20,5,1,0
BRDA:20,5,2,0
BRDA:20,6,0,10
BRDA:20,6,1,0
BRF:17
BRH:6
end_of_record
TN:
SF:/Users/early/Work/HMP-dev/data/morning-ui/src/lib/components/switch/index.vue
FN:33,data
FN:46,moreClass
FN:56,_valueFilter
FN:61,toggle
FN:75,created
FN:76,mounted
FN:78,(anonymous_7)
FN:104,(anonymous_8)
FN:104,click
FNF:9
FNH:0
FNDA:0,data
FNDA:0,moreClass
FNDA:0,_valueFilter
FNDA:0,toggle
FNDA:0,created
FNDA:0,mounted
FNDA:0,(anonymous_7)
FNDA:0,(anonymous_8)
FNDA:0,click
DA:23,10
DA:35,0
DA:48,0
DA:58,0
DA:63,0
DA:65,0
DA:69,0
DA:71,0
DA:76,0
DA:78,0
DA:80,0
DA:82,0
DA:86,0
DA:88,0
DA:92,0
DA:104,10
DA:105,10
DA:106,10
LF:18
LH:4
BRDA:49,0,0,0
BRDA:49,0,1,0
BRDA:63,1,0,0
BRDA:63,1,1,0
BRDA:80,2,0,0
BRDA:80,2,1,0
BRDA:86,3,0,0
BRDA:86,3,1,0
BRDA:86,4,0,0
BRDA:86,4,1,0
BRDA:104,5,0,10
BRDA:104,5,1,0
BRDA:104,5,2,0
BRDA:104,6,0,10
BRDA:104,6,1,0
BRDA:104,7,0,0
BRDA:104,7,1,0
BRDA:105,8,0,10
BRDA:105,8,1,0
BRDA:105,8,2,0
BRDA:105,9,0,10
BRDA:105,9,1,0
BRDA:106,10,0,10
BRDA:106,10,1,0
BRDA:106,10,2,0
BRDA:106,11,0,10
BRDA:106,11,1,0
BRF:27
BRH:6
end_of_record
TN:
SF:/Users/early/Work/HMP-dev/data/morning-ui/src/lib/components/tab/index.vue
FN:36,_default
FN:40,_default
FN:43,data
FN:60,_onClick
FN:65,_getNamelist
FN:85,_switch
FN:140,switchNext
FN:159,switchPrev
FN:179,created
FN:180,mounted
FN:182,(anonymous_11)
FN:187,(anonymous_12)
FN:202,(anonymous_13)
FN:213,(anonymous_14)
FN:213,(anonymous_15)
FN:213,click
FN:213,(anonymous_17)
FNF:17
FNH:0
FNDA:0,_default
FNDA:0,_default
FNDA:0,data
FNDA:0,_onClick
FNDA:0,_getNamelist
FNDA:0,_switch
FNDA:0,switchNext
FNDA:0,switchPrev
FNDA:0,created
FNDA:0,mounted
FNDA:0,(anonymous_11)
FNDA:0,(anonymous_12)
FNDA:0,(anonymous_13)
FNDA:0,(anonymous_14)
FNDA:0,(anonymous_15)
FNDA:0,click
FNDA:0,(anonymous_17)
DA:26,10
DA:36,0
DA:40,0
DA:45,0
DA:62,0
DA:65,0
DA:67,0
DA:68,0
DA:70,0
DA:72,0
DA:73,0
DA:75,0
DA:82,0
DA:87,0
DA:89,0
DA:93,0
DA:95,0
DA:97,0
DA:98,0
DA:99,0
DA:100,0
DA:101,0
DA:102,0
DA:104,0
DA:106,0
DA:110,0
DA:112,0
DA:116,0
DA:117,0
DA:121,0
DA:123,0
DA:125,0
DA:126,0
DA:128,0
DA:129,0
DA:133,0
DA:135,0
DA:137,0
DA:142,0
DA:144,0
DA:146,0
DA:148,0
DA:152,0
DA:156,0
DA:161,0
DA:163,0
DA:165,0
DA:167,0
DA:171,0
DA:175,0
DA:180,0
DA:182,0
DA:187,0
DA:189,0
DA:190,0
DA:196,0
DA:198,0
DA:202,0
DA:204,0
DA:213,10
DA:214,10
DA:215,10
LF:62
LH:4
BRDA:77,0,0,0
BRDA:77,0,1,0
BRDA:77,1,0,0
BRDA:77,1,1,0
BRDA:65,2,0,0
BRDA:65,2,1,0
BRDA:87,3,0,0
BRDA:87,3,1,0
BRDA:95,4,0,0
BRDA:95,4,1,0
BRDA:104,5,0,0
BRDA:104,5,1,0
BRDA:110,6,0,0
BRDA:110,6,1,0
BRDA:123,7,0,0
BRDA:123,7,1,0
BRDA:146,8,0,0
BRDA:146,8,1,0
BRDA:165,9,0,0
BRDA:165,9,1,0
BRDA:196,10,0,0
BRDA:196,10,1,0
BRDA:213,11,0,10
BRDA:213,11,1,0
BRDA:213,11,2,0
BRDA:213,12,0,10
BRDA:213,12,1,0
BRDA:213,13,0,0
BRDA:213,13,1,0
BRDA:214,14,0,10
BRDA:214,14,1,0
BRDA:214,14,2,0
BRDA:214,15,0,10
BRDA:214,15,1,0
BRDA:215,16,0,10
BRDA:215,16,1,0
BRDA:215,16,2,0
BRDA:215,17,0,10
BRDA:215,17,1,0
BRF:39
BRH:6
end_of_record
TN:
SF:/Users/early/Work/HMP-dev/data/morning-ui/src/lib/components/textarea/index.vue
FN:39,data
FN:50,placeholder
FN:63,_valueFilter
FN:74,_focus
FN:79,_blur
FN:84,setRows
FN:120,created
FN:121,mounted
FN:125,(anonymous_9)
FN:125,focus
FN:125,blur
FN:125,input
FNF:12
FNH:0
FNDA:0,data
FNDA:0,placeholder
FNDA:0,_valueFilter
FNDA:0,_focus
FNDA:0,_blur
FNDA:0,setRows
FNDA:0,created
FNDA:0,mounted
FNDA:0,(anonymous_9)
FNDA:0,focus
FNDA:0,blur
FNDA:0,input
DA:29,10
DA:41,0
DA:52,0
DA:54,0
DA:58,0
DA:65,0
DA:67,0
DA:71,0
DA:76,0
DA:81,0
DA:86,0
DA:88,0
DA:90,0
DA:92,0
DA:94,0
DA:96,0
DA:98,0
DA:100,0
DA:106,0
DA:108,0
DA:110,0
DA:114,0
DA:125,10
DA:126,10
DA:127,10
LF:25
LH:4
BRDA:52,0,0,0
BRDA:52,0,1,0
BRDA:65,1,0,0
BRDA:65,1,1,0
BRDA:88,2,0,0
BRDA:88,2,1,0
BRDA:92,3,0,0
BRDA:92,3,1,0
BRDA:94,4,0,0
BRDA:94,4,1,0
BRDA:98,5,0,0
BRDA:98,5,1,0
BRDA:106,6,0,0
BRDA:106,6,1,0
BRDA:108,7,0,0
BRDA:108,7,1,0
BRDA:125,8,0,10
BRDA:125,8,1,0
BRDA:125,8,2,0
BRDA:125,9,0,10
BRDA:125,9,1,0
BRDA:125,10,0,0
BRDA:125,10,1,0
BRDA:125,11,0,0
BRDA:125,11,1,0
BRDA:126,12,0,10
BRDA:126,12,1,0
BRDA:126,12,2,0
BRDA:126,13,0,10
BRDA:126,13,1,0
BRDA:127,14,0,10
BRDA:127,14,1,0
BRDA:127,14,2,0
BRDA:127,15,0,10
BRDA:127,15,1,0
BRF:35
BRH:6
end_of_record
TN:
SF:/Users/early/Work/HMP-dev/data/morning-ui/src/lib/components/textcenter/index.vue
FN:18,(anonymous_1)
FNF:1
FNH:0
FNDA:0,(anonymous_1)
DA:11,10
DA:18,10
DA:19,10
DA:20,10
LF:4
LH:4
BRDA:18,0,0,10
BRDA:18,0,1,0
BRDA:18,0,2,0
BRDA:18,1,0,10
BRDA:18,1,1,0
BRDA:18,2,0,0
BRDA:18,2,1,0
BRDA:19,3,0,10
BRDA:19,3,1,0
BRDA:19,3,2,0
BRDA:19,4,0,10
BRDA:19,4,1,0
BRDA:20,5,0,10
BRDA:20,5,1,0
BRDA:20,5,2,0
BRDA:20,6,0,10
BRDA:20,6,1,0
BRF:17
BRH:6
end_of_record
TN:
SF:/Users/early/Work/HMP-dev/data/morning-ui/src/lib/components/textcolor/index.vue
FN:18,(anonymous_1)
FNF:1
FNH:0
FNDA:0,(anonymous_1)
DA:11,10
DA:18,10
DA:19,10
DA:20,10
LF:4
LH:4
BRDA:18,0,0,10
BRDA:18,0,1,0
BRDA:18,0,2,0
BRDA:18,1,0,10
BRDA:18,1,1,0
BRDA:18,2,0,0
BRDA:18,2,1,0
BRDA:19,3,0,10
BRDA:19,3,1,0
BRDA:19,3,2,0
BRDA:19,4,0,10
BRDA:19,4,1,0
BRDA:20,5,0,10
BRDA:20,5,1,0
BRDA:20,5,2,0
BRDA:20,6,0,10
BRDA:20,6,1,0
BRF:17
BRH:6
end_of_record
TN:
SF:/Users/early/Work/HMP-dev/data/morning-ui/src/lib/components/textinput/index.vue
FN:74,data
FN:87,inputType
FN:98,placeholder
FN:109,moreClass
FN:116,inputClass
FN:125,_valueFilter
FN:136,_focus
FN:141,_blur
FN:147,created
FN:148,mounted
FN:152,(anonymous_11)
FN:152,focus
FN:152,blur
FN:152,input
FN:152,focus
FN:152,blur
FN:152,input
FNF:17
FNH:0
FNDA:0,data
FNDA:0,inputType
FNDA:0,placeholder
FNDA:0,moreClass
FNDA:0,inputClass
FNDA:0,_valueFilter
FNDA:0,_focus
FNDA:0,_blur
FNDA:0,created
FNDA:0,mounted
FNDA:0,(anonymous_11)
FNDA:0,focus
FNDA:0,blur
FNDA:0,input
FNDA:0,focus
FNDA:0,blur
FNDA:0,input
DA:56,10
DA:76,0
DA:89,0
DA:91,0
DA:95,0
DA:100,0
DA:102,0
DA:106,0
DA:111,0
DA:118,0
DA:127,0
DA:129,0
DA:133,0
DA:138,0
DA:143,0
DA:152,10
DA:153,10
DA:154,10
LF:18
LH:4
BRDA:89,0,0,0
BRDA:89,0,1,0
BRDA:100,1,0,0
BRDA:100,1,1,0
BRDA:112,2,0,0
BRDA:112,2,1,0
BRDA:127,3,0,0
BRDA:127,3,1,0
BRDA:152,4,0,10
BRDA:152,4,1,0
BRDA:152,4,2,0
BRDA:152,5,0,10
BRDA:152,5,1,0
BRDA:152,6,0,0
BRDA:152,6,1,0
BRDA:152,7,0,0
BRDA:152,7,1,0
BRDA:152,8,0,0
BRDA:152,8,1,0
BRDA:152,9,0,0
BRDA:152,9,1,0
BRDA:152,10,0,0
BRDA:152,10,1,0
BRDA:152,11,0,0
BRDA:152,11,1,0
BRDA:153,12,0,10
BRDA:153,12,1,0
BRDA:153,12,2,0
BRDA:153,13,0,10
BRDA:153,13,1,0
BRDA:154,14,0,10
BRDA:154,14,1,0
BRDA:154,14,2,0
BRDA:154,15,0,10
BRDA:154,15,1,0
BRF:35
BRH:6
end_of_record
TN:
SF:/Users/early/Work/HMP-dev/data/morning-ui/src/lib/components/textleft/index.vue
FN:18,(anonymous_1)
FNF:1
FNH:0
FNDA:0,(anonymous_1)
DA:11,10
DA:18,10
DA:19,10
DA:20,10
LF:4
LH:4
BRDA:18,0,0,10
BRDA:18,0,1,0
BRDA:18,0,2,0
BRDA:18,1,0,10
BRDA:18,1,1,0
BRDA:18,2,0,0
BRDA:18,2,1,0
BRDA:19,3,0,10
BRDA:19,3,1,0
BRDA:19,3,2,0
BRDA:19,4,0,10
BRDA:19,4,1,0
BRDA:20,5,0,10
BRDA:20,5,1,0
BRDA:20,5,2,0
BRDA:20,6,0,10
BRDA:20,6,1,0
BRF:17
BRH:6
end_of_record
TN:
SF:/Users/early/Work/HMP-dev/data/morning-ui/src/lib/components/textright/index.vue
FN:18,(anonymous_1)
FNF:1
FNH:0
FNDA:0,(anonymous_1)
DA:11,10
DA:18,10
DA:19,10
DA:20,10
LF:4
LH:4
BRDA:18,0,0,10
BRDA:18,0,1,0
BRDA:18,0,2,0
BRDA:18,1,0,10
BRDA:18,1,1,0
BRDA:18,2,0,0
BRDA:18,2,1,0
BRDA:19,3,0,10
BRDA:19,3,1,0
BRDA:19,3,2,0
BRDA:19,4,0,10
BRDA:19,4,1,0
BRDA:20,5,0,10
BRDA:20,5,1,0
BRDA:20,5,2,0
BRDA:20,6,0,10
BRDA:20,6,1,0
BRF:17
BRH:6
end_of_record
TN:
SF:/Users/early/Work/HMP-dev/data/morning-ui/src/lib/components/tip/index.vue
FN:51,data
FN:88,_setListeners
FN:113,_enter
FN:142,(anonymous_4)
FN:153,_leave
FN:179,(anonymous_6)
FN:190,_isEventObj
FN:195,_hasContent
FN:215,_getAttachment
FN:87,_showComplete
FN:236,_hideComplete
FN:244,_cleanupTether
FN:259,_removeTetherClasses
FN:276,_isWithActiveTrigger
FN:281,show
FN:319,hide
FN:333,toggle
FN:349,mounted
FN:353,(anonymous_19)
FN:380,beforeDestroy
FN:396,(anonymous_21)
FNF:21
FNH:0
FNDA:0,data
FNDA:0,_setListeners
FNDA:0,_enter
FNDA:0,(anonymous_4)
FNDA:0,_leave
FNDA:0,(anonymous_6)
FNDA:0,_isEventObj
FNDA:0,_hasContent
FNDA:0,_getAttachment
FNDA:0,_showComplete
FNDA:0,_hideComplete
FNDA:0,_cleanupTether
FNDA:0,_removeTetherClasses
FNDA:0,_isWithActiveTrigger
FNDA:0,show
FNDA:0,hide
FNDA:0,toggle
FNDA:0,mounted
FNDA:0,(anonymous_19)
FNDA:0,beforeDestroy
FNDA:0,(anonymous_21)
DA:26,10
DA:27,10
DA:28,10
DA:53,0
DA:88,0
DA:90,0
DA:92,0
DA:94,0
DA:96,0
DA:98,0
DA:100,0
DA:101,0
DA:103,0
DA:105,0
DA:106,0
DA:113,0
DA:115,0
DA:117,0
DA:119,0
DA:121,0
DA:123,0
DA:129,0
DA:132,0
DA:134,0
DA:138,0
DA:140,0
DA:142,0
DA:144,0
DA:146,0
DA:153,0
DA:155,0
DA:157,0
DA:159,0
DA:161,0
DA:163,0
DA:169,0
DA:171,0
DA:175,0
DA:177,0
DA:179,0
DA:181,0
DA:183,0
DA:192,0
DA:197,0
DA:199,0
DA:203,0
DA:207,0
DA:211,0
DA:217,0
DA:222,0
DA:224,0
DA:226,0
DA:227,0
DA:229,0
DA:231,0
DA:238,0
DA:239,0
DA:241,0
DA:246,0
DA:248,0
DA:249,0
DA:251,0
DA:253,0
DA:254,0
DA:259,0
DA:261,0
DA:263,0
DA:265,0
DA:267,0
DA:269,0
DA:278,0
DA:283,0
DA:285,0
DA:289,0
DA:291,0
DA:292,0
DA:293,0
DA:295,0
DA:297,0
DA:301,0
DA:311,0
DA:312,0
DA:315,0
DA:316,0
DA:321,0
DA:323,0
DA:327,0
DA:328,0
DA:329,0
DA:330,0
DA:335,0
DA:337,0
DA:339,0
DA:343,0
DA:349,0
DA:351,0
DA:353,0
DA:355,0
DA:357,0
DA:361,0
DA:363,0
DA:367,0
DA:369,0
DA:373,0
DA:375,0
DA:382,0
DA:384,0
DA:386,0
DA:387,0
DA:388,0
DA:389,0
DA:390,0
DA:396,10
DA:397,10
DA:398,10
LF:115
LH:6
BRDA:94,0,0,0
BRDA:94,0,1,0
BRDA:98,1,0,0
BRDA:98,1,1,0
BRDA:103,2,0,0
BRDA:103,2,1,0
BRDA:88,3,0,0
BRDA:88,3,1,0
BRDA:115,4,0,0
BRDA:115,4,1,0
BRDA:117,5,0,0
BRDA:117,5,1,0
BRDA:121,6,0,0
BRDA:121,6,1,0
BRDA:129,7,0,0
BRDA:129,7,1,0
BRDA:129,8,0,0
BRDA:129,8,1,0
BRDA:144,9,0,0
BRDA:144,9,1,0
BRDA:155,10,0,0
BRDA:155,10,1,0
BRDA:157,11,0,0
BRDA:157,11,1,0
BRDA:161,12,0,0
BRDA:161,12,1,0
BRDA:169,13,0,0
BRDA:169,13,1,0
BRDA:181,14,0,0
BRDA:181,14,1,0
BRDA:192,15,0,0
BRDA:192,15,1,0
BRDA:197,16,0,0
BRDA:197,16,1,0
BRDA:203,17,0,0
BRDA:203,17,1,0
BRDA:203,18,0,0
BRDA:203,18,1,0
BRDA:203,18,2,0
BRDA:211,19,0,0
BRDA:211,19,1,0
BRDA:211,19,2,0
BRDA:229,20,0,0
BRDA:229,20,1,0
BRDA:246,21,0,0
BRDA:246,21,1,0
BRDA:267,22,0,0
BRDA:267,22,1,0
BRDA:259,23,0,0
BRDA:259,23,1,0
BRDA:283,24,0,0
BRDA:283,24,1,0
BRDA:295,25,0,0
BRDA:295,25,1,0
BRDA:321,26,0,0
BRDA:321,26,1,0
BRDA:337,27,0,0
BRDA:337,27,1,0
BRDA:361,28,0,0
BRDA:361,28,1,0
BRDA:367,29,0,0
BRDA:367,29,1,0
BRDA:396,30,0,10
BRDA:396,30,1,0
BRDA:396,30,2,0
BRDA:396,31,0,10
BRDA:396,31,1,0
BRDA:396,32,0,0
BRDA:396,32,1,0
BRDA:396,33,0,0
BRDA:396,33,1,0
BRDA:397,34,0,10
BRDA:397,34,1,0
BRDA:397,34,2,0
BRDA:397,35,0,10
BRDA:397,35,1,0
BRDA:398,36,0,10
BRDA:398,36,1,0
BRDA:398,36,2,0
BRDA:398,37,0,10
BRDA:398,37,1,0
BRF:81
BRH:6
end_of_record
TN:
SF:/Users/early/Work/HMP-dev/data/morning-ui/src/lib/components/u/index.vue
FN:19,(anonymous_1)
FNF:1
FNH:0
FNDA:0,(anonymous_1)
DA:12,10
DA:19,10
DA:20,10
DA:21,10
LF:4
LH:4
BRDA:19,0,0,10
BRDA:19,0,1,0
BRDA:19,0,2,0
BRDA:19,1,0,10
BRDA:19,1,1,0
BRDA:19,2,0,0
BRDA:19,2,1,0
BRDA:20,3,0,10
BRDA:20,3,1,0
BRDA:20,3,2,0
BRDA:20,4,0,10
BRDA:20,4,1,0
BRDA:21,5,0,10
BRDA:21,5,1,0
BRDA:21,5,2,0
BRDA:21,6,0,10
BRDA:21,6,1,0
BRF:17
BRH:6
end_of_record
TN:
SF:/Users/early/Work/HMP-dev/data/morning-ui/src/lib/components/ul/index.vue
FN:18,(anonymous_1)
FNF:1
FNH:0
FNDA:0,(anonymous_1)
DA:11,10
DA:18,10
DA:19,10
DA:20,10
LF:4
LH:4
BRDA:18,0,0,10
BRDA:18,0,1,0
BRDA:18,0,2,0
BRDA:18,1,0,10
BRDA:18,1,1,0
BRDA:18,2,0,0
BRDA:18,2,1,0
BRDA:19,3,0,10
BRDA:19,3,1,0
BRDA:19,3,2,0
BRDA:19,4,0,10
BRDA:19,4,1,0
BRDA:20,5,0,10
BRDA:20,5,1,0
BRDA:20,5,2,0
BRDA:20,6,0,10
BRDA:20,6,1,0
BRF:17
BRH:6
end_of_record
TN:
SF:/Users/early/Work/HMP-dev/data/morning-ui/src/lib/components/uppercase/index.vue
FN:18,(anonymous_1)
FNF:1
FNH:0
FNDA:0,(anonymous_1)
DA:11,10
DA:18,10
DA:19,10
DA:20,10
LF:4
LH:4
BRDA:18,0,0,10
BRDA:18,0,1,0
BRDA:18,0,2,0
BRDA:18,1,0,10
BRDA:18,1,1,0
BRDA:18,2,0,0
BRDA:18,2,1,0
BRDA:19,3,0,10
BRDA:19,3,1,0
BRDA:19,3,2,0
BRDA:19,4,0,10
BRDA:19,4,1,0
BRDA:20,5,0,10
BRDA:20,5,1,0
BRDA:20,5,2,0
BRDA:20,6,0,10
BRDA:20,6,1,0
BRF:17
BRH:6
end_of_record
TN:
SF:/Users/early/Work/HMP-dev/data/morning-ui/src/lib/utils/GlobalEvent.js
FN:3,globalHandler
FN:14,data
FN:20,_globalEventAdd
FN:55,_globalEventRemove
FNF:4
FNH:1
FNDA:0,globalHandler
FNDA:4,data
FNDA:0,_globalEventAdd
FNDA:0,_globalEventRemove
DA:1,10
DA:3,10
DA:5,0
DA:7,0
DA:13,10
DA:16,4
DA:22,0
DA:24,0
DA:26,0
DA:30,0
DA:32,0
DA:40,0
DA:42,0
DA:43,0
DA:45,0
DA:47,0
DA:48,0
DA:52,0
DA:57,0
DA:59,0
DA:62,0
DA:66,0
DA:67,0
DA:69,0
DA:71,0
DA:75,0
DA:77,0
DA:78,0
LF:28
LH:4
BRDA:3,0,0,0
BRDA:3,0,1,0
BRDA:24,1,0,0
BRDA:24,1,1,0
BRDA:30,2,0,0
BRDA:30,2,1,0
BRDA:45,3,0,0
BRDA:45,3,1,0
BRDA:59,4,0,0
BRDA:59,4,1,0
BRDA:59,5,0,0
BRDA:59,5,1,0
BRDA:69,6,0,0
BRDA:69,6,1,0
BRDA:75,7,0,0
BRDA:75,7,1,0
BRF:16
BRH:0
end_of_record
TN:
SF:/Users/early/Work/HMP-dev/data/morning-ui/src/lib/utils/IndexManager.js
FN:3,_indexReg
FN:16,_indexFetch
FN:44,_indexInc
FN:49,_indexGet
FN:54,_indexDim
FNF:5
FNH:1
FNDA:6,_indexReg
FNDA:0,_indexFetch
FNDA:0,_indexInc
FNDA:0,_indexGet
FNDA:0,_indexDim
DA:1,10
DA:3,6
DA:5,6
DA:7,6
DA:9,2
DA:13,6
DA:18,0
DA:19,0
DA:20,0
DA:21,0
DA:23,0
DA:25,0
DA:29,0
DA:31,0
DA:35,0
DA:37,0
DA:41,0
DA:46,0
DA:51,0
DA:56,0
LF:20
LH:6
BRDA:3,0,0,6
BRDA:3,0,1,0
BRDA:3,1,0,6
BRDA:3,1,1,6
BRDA:7,2,0,2
BRDA:7,2,1,4
BRDA:23,3,0,0
BRDA:23,3,1,0
BRDA:29,4,0,0
BRDA:29,4,1,0
BRDA:35,5,0,0
BRDA:35,5,1,0
BRDA:35,6,0,0
BRDA:35,6,1,0
BRF:14
BRH:5
end_of_record
TN:
SF:/Users/early/Work/HMP-dev/data/morning-ui/src/lib/utils/Move.js
FN:5,data
FN:33,moveClass
FN:42,_moveItemRecord
FN:47,_moveStart
FN:102,_moveMousemove
FN:121,_moveMouseup
FN:148,_moveElementXy
FN:167,mounted
FN:169,(anonymous_9)
FN:198,updated
FN:216,beforeDestroy
FNF:11
FNH:0
FNDA:0,data
FNDA:0,moveClass
FNDA:0,_moveItemRecord
FNDA:0,_moveStart
FNDA:0,_moveMousemove
FNDA:0,_moveMouseup
FNDA:0,_moveElementXy
FNDA:0,mounted
FNDA:0,(anonymous_9)
FNDA:0,updated
FNDA:0,beforeDestroy
DA:1,10
DA:3,10
DA:7,0
DA:35,0
DA:44,0
DA:47,0
DA:49,0
DA:50,0
DA:52,0
DA:54,0
DA:56,0
DA:58,0
DA:60,0
DA:66,0
DA:68,0
DA:74,0
DA:76,0
DA:77,0
DA:79,0
DA:81,0
DA:82,0
DA:84,0
DA:85,0
DA:86,0
DA:87,0
DA:89,0
DA:90,0
DA:91,0
DA:92,0
DA:93,0
DA:94,0
DA:95,0
DA:97,0
DA:104,0
DA:106,0
DA:110,0
DA:111,0
DA:113,0
DA:114,0
DA:115,0
DA:116,0
DA:118,0
DA:125,0
DA:127,0
DA:131,0
DA:133,0
DA:135,0
DA:139,0
DA:140,0
DA:141,0
DA:142,0
DA:143,0
DA:145,0
DA:150,0
DA:151,0
DA:152,0
DA:154,0
DA:155,0
DA:157,0
DA:158,0
DA:160,0
DA:167,0
DA:169,0
DA:171,0
DA:173,0
DA:175,0
DA:176,0
DA:177,0
DA:182,0
DA:184,0
DA:188,0
DA:189,0
DA:200,0
DA:201,0
DA:203,0
DA:205,0
DA:209,0
DA:211,0
DA:218,0
DA:219,0
LF:80
LH:2
BRDA:56,0,0,0
BRDA:56,0,1,0
BRDA:52,1,0,0
BRDA:52,1,1,0
BRDA:66,2,0,0
BRDA:66,2,1,0
BRDA:47,3,0,0
BRDA:47,3,1,0
BRDA:74,4,0,0
BRDA:74,4,1,0
BRDA:104,5,0,0
BRDA:104,5,1,0
BRDA:125,6,0,0
BRDA:125,6,1,0
BRDA:133,7,0,0
BRDA:133,7,1,0
BRDA:173,8,0,0
BRDA:173,8,1,0
BRDA:182,9,0,0
BRDA:182,9,1,0
BRDA:203,10,0,0
BRDA:203,10,1,0
BRDA:209,11,0,0
BRDA:209,11,1,0
BRF:24
BRH:0
end_of_record
TN:
SF:/Users/early/Work/HMP-dev/data/morning-ui/src/lib/utils/PopupManager.js
FN:5,data
FN:16,_popupShow
FN:36,_popupHide
FN:51,created
FNF:4
FNH:0
FNDA:0,data
FNDA:0,_popupShow
FNDA:0,_popupHide
FNDA:0,created
DA:1,10
DA:3,10
DA:7,0
DA:18,0
DA:20,0
DA:24,0
DA:25,0
DA:27,0
DA:28,0
DA:29,0
DA:30,0
DA:31,0
DA:32,0
DA:33,0
DA:38,0
DA:40,0
DA:44,0
DA:45,0
DA:46,0
DA:47,0
DA:53,0
DA:55,0
LF:22
LH:2
BRDA:18,0,0,0
BRDA:18,0,1,0
BRDA:38,1,0,0
BRDA:38,1,1,0
BRF:4
BRH:0
end_of_record
